<?xml version="1.0" encoding="UTF-8"?>
<testsuite xmlns:xsi="http://www.w3.org/2001/XMLSchema-instance" xsi:noNamespaceSchemaLocation="https://maven.apache.org/surefire/maven-surefire-plugin/xsd/surefire-test-report-3.0.xsd" version="3.0" name="com.sportsday.rest.webservices.restfulwebservices.RestfulWebServicesApplicationTests" time="0.018" tests="1" errors="0" skipped="0" failures="0">
  <properties>
[...]
</properties>
  <testcase name="contextLoads" classname="com.sportsday.rest.webservices.restfulwebservices.RestfulWebServicesApplicationTests" time="0.005">
    <system-out><![CDATA[10-30 12:36:20 - o.s.b.t.c.SpringBootTestContextBootstrapper - Neither @ContextConfiguration nor @ContextHierarchy found for test class [RestfulWebServicesApplicationTests]: using SpringBootContextLoader
10-30 12:36:20 - o.s.t.c.s.AbstractContextLoader - Could not detect default resource locations for test class [com.sportsday.rest.webservices.restfulwebservices.RestfulWebServicesApplicationTests]: no resource found for suffixes {-context.xml, Context.groovy}.
10-30 12:36:20 - o.s.t.c.s.AnnotationConfigContextLoaderUtils - Could not detect default configuration classes for test class [com.sportsday.rest.webservices.restfulwebservices.RestfulWebServicesApplicationTests]: RestfulWebServicesApplicationTests does not declare any static, non-private, non-final, nested classes annotated with @Configuration.
10-30 12:36:20 - o.s.b.t.c.SpringBootTestContextBootstrapper - Using ContextCustomizers for test class [RestfulWebServicesApplicationTests]: [ExcludeFilterContextCustomizer, DuplicateJsonObjectContextCustomizer, MockitoContextCustomizer, TestRestTemplateContextCustomizer, DisableObservabilityContextCustomizer, PropertyMappingContextCustomizer, Customizer]
10-30 12:36:20 - o.s.b.t.c.SpringBootTestContextBootstrapper - Found @SpringBootConfiguration com.sportsday.rest.webservices.restfulwebservices.RestfulWebServicesApplication for test class com.sportsday.rest.webservices.restfulwebservices.RestfulWebServicesApplicationTests
10-30 12:36:20 - o.s.t.c.u.TestContextSpringFactoriesUtils - Skipping candidate TestExecutionListener [org.springframework.test.context.observation.MicrometerObservationRegistryTestExecutionListener] due to a missing dependency. Specify custom TestExecutionListener classes or make the default TestExecutionListener classes and their required dependencies available. Offending class: [Could not initialize class org.springframework.test.context.observation.MicrometerObservationRegistryTestExecutionListener]
10-30 12:36:20 - o.s.b.t.c.SpringBootTestContextBootstrapper - Using TestExecutionListeners for test class [RestfulWebServicesApplicationTests]: [ServletTestExecutionListener, DirtiesContextBeforeModesTestExecutionListener, ApplicationEventsTestExecutionListener, MockitoTestExecutionListener, DependencyInjectionTestExecutionListener, DirtiesContextTestExecutionListener, TransactionalTestExecutionListener, SqlScriptsTestExecutionListener, EventPublishingTestExecutionListener, ResetMocksTestExecutionListener, RestDocsTestExecutionListener, MockRestServiceServerResetTestExecutionListener, MockMvcPrintOnlyOnFailureTestExecutionListener, WebDriverTestExecutionListener, MockWebServiceServerTestExecutionListener]
10-30 12:36:20 - o.s.t.c.s.DirtiesContextBeforeModesTestExecutionListener - Before test class: class [RestfulWebServicesApplicationTests], class annotated with @DirtiesContext [false] with mode [null]
10-30 12:36:20 - o.springframework.test.context.cache - Spring test ApplicationContext cache statistics: [DefaultContextCache@4b718c45 size = 1, maxSize = 32, parentContextCount = 0, hitCount = 99, missCount = 1]
10-30 12:36:20 - o.springframework.test.context.cache - Spring test ApplicationContext cache statistics: [DefaultContextCache@4b718c45 size = 1, maxSize = 32, parentContextCount = 0, hitCount = 100, missCount = 1]
10-30 12:36:20 - o.s.t.c.w.ServletTestExecutionListener - Setting up MockHttpServletRequest, MockHttpServletResponse, ServletWebRequest, and RequestContextHolder for test class com.sportsday.rest.webservices.restfulwebservices.RestfulWebServicesApplicationTests
10-30 12:36:20 - o.s.t.c.s.DependencyInjectionTestExecutionListener - Performing dependency injection for test class com.sportsday.rest.webservices.restfulwebservices.RestfulWebServicesApplicationTests
10-30 12:36:20 - o.springframework.test.context.cache - Spring test ApplicationContext cache statistics: [DefaultContextCache@4b718c45 size = 1, maxSize = 32, parentContextCount = 0, hitCount = 101, missCount = 1]
10-30 12:36:20 - o.springframework.test.context.cache - Spring test ApplicationContext cache statistics: [DefaultContextCache@4b718c45 size = 1, maxSize = 32, parentContextCount = 0, hitCount = 102, missCount = 1]
10-30 12:36:20 - o.s.t.c.s.DirtiesContextBeforeModesTestExecutionListener - Before test method: class [RestfulWebServicesApplicationTests], method [contextLoads], class annotated with @DirtiesContext [false] with mode [null], method annotated with @DirtiesContext [false] with mode [null]
10-30 12:36:20 - o.springframework.test.context.cache - Spring test ApplicationContext cache statistics: [DefaultContextCache@4b718c45 size = 1, maxSize = 32, parentContextCount = 0, hitCount = 103, missCount = 1]
10-30 12:36:20 - o.springframework.test.context.cache - Spring test ApplicationContext cache statistics: [DefaultContextCache@4b718c45 size = 1, maxSize = 32, parentContextCount = 0, hitCount = 104, missCount = 1]
10-30 12:36:20 - o.springframework.test.context.cache - Spring test ApplicationContext cache statistics: [DefaultContextCache@4b718c45 size = 1, maxSize = 32, parentContextCount = 0, hitCount = 105, missCount = 1]
10-30 12:36:20 - o.springframework.test.context.cache - Spring test ApplicationContext cache statistics: [DefaultContextCache@4b718c45 size = 1, maxSize = 32, parentContextCount = 0, hitCount = 106, missCount = 1]
10-30 12:36:20 - o.springframework.test.context.cache - Spring test ApplicationContext cache statistics: [DefaultContextCache@4b718c45 size = 1, maxSize = 32, parentContextCount = 0, hitCount = 107, missCount = 1]
10-30 12:36:20 - o.springframework.test.context.cache - Spring test ApplicationContext cache statistics: [DefaultContextCache@4b718c45 size = 1, maxSize = 32, parentContextCount = 0, hitCount = 108, missCount = 1]
10-30 12:36:20 - o.springframework.test.context.cache - Spring test ApplicationContext cache statistics: [DefaultContextCache@4b718c45 size = 1, maxSize = 32, parentContextCount = 0, hitCount = 109, missCount = 1]
10-30 12:36:20 - o.springframework.test.context.cache - Spring test ApplicationContext cache statistics: [DefaultContextCache@4b718c45 size = 1, maxSize = 32, parentContextCount = 0, hitCount = 110, missCount = 1]
10-30 12:36:20 - o.springframework.test.context.cache - Spring test ApplicationContext cache statistics: [DefaultContextCache@4b718c45 size = 1, maxSize = 32, parentContextCount = 0, hitCount = 111, missCount = 1]
10-30 12:36:20 - o.s.t.c.s.DirtiesContextTestExecutionListener - After test method: class [RestfulWebServicesApplicationTests], method [contextLoads], class annotated with @DirtiesContext [false] with mode [null], method annotated with @DirtiesContext [false] with mode [null]
10-30 12:36:20 - o.s.t.c.w.ServletTestExecutionListener - Resetting RequestContextHolder for test class com.sportsday.rest.webservices.restfulwebservices.RestfulWebServicesApplicationTests
]]></system-out>
  </testcase>
</testsuite>