<?xml version="1.0" encoding="UTF-8"?>
<testsuite xmlns:xsi="http://www.w3.org/2001/XMLSchema-instance" xsi:noNamespaceSchemaLocation="https://maven.apache.org/surefire/maven-surefire-plugin/xsd/surefire-test-report-3.0.xsd" version="3.0" name="com.sportsday.rest.webservices.restfulwebservices.UserServiceTest" time="6.168" tests="4" errors="0" skipped="0" failures="0">
  <properties>
[...]
</properties>
  <testcase name="testLoginUser" classname="com.sportsday.rest.webservices.restfulwebservices.UserServiceTest" time="0.076">
    <system-out><![CDATA[12:36:14.583 [main] INFO org.springframework.test.context.support.AnnotationConfigContextLoaderUtils -- Could not detect default configuration classes for test class [com.sportsday.rest.webservices.restfulwebservices.UserServiceTest]: UserServiceTest does not declare any static, non-private, non-final, nested classes annotated with @Configuration.
12:36:14.693 [main] INFO org.springframework.boot.test.context.SpringBootTestContextBootstrapper -- Found @SpringBootConfiguration com.sportsday.rest.webservices.restfulwebservices.RestfulWebServicesApplication for test class com.sportsday.rest.webservices.restfulwebservices.UserServiceTest
10-30 12:36:15 - c.s.r.w.r.UserServiceTest - Starting UserServiceTest using Java 17.0.8.1 with PID 20280 (started by I558224 in /Users/I558224/Desktop/Code/Backend)
10-30 12:36:15 - c.s.r.w.r.UserServiceTest - No active profile set, falling back to 1 default profile: "default"
10-30 12:36:15 - o.s.boot.SpringApplication - Loading source class com.sportsday.rest.webservices.restfulwebservices.RestfulWebServicesApplication
10-30 12:36:15 - o.s.w.c.s.GenericWebApplicationContext - Refreshing org.springframework.web.context.support.GenericWebApplicationContext@52350abb
10-30 12:36:15 - o.s.b.f.s.DefaultListableBeanFactory - Creating shared instance of singleton bean 'org.springframework.context.annotation.internalConfigurationAnnotationProcessor'
10-30 12:36:15 - o.s.b.f.s.DefaultListableBeanFactory - Creating shared instance of singleton bean 'org.springframework.boot.autoconfigure.internalCachingMetadataReaderFactory'
10-30 12:36:15 - o.s.c.a.ClassPathBeanDefinitionScanner - Identified candidate component class: file [/Users/I558224/Desktop/Code/Backend/target/classes/com/sportsday/rest/webservices/restfulwebservices/Controller/RegistrationController.class]
10-30 12:36:15 - o.s.c.a.ClassPathBeanDefinitionScanner - Ignored because not a concrete top-level class: file [/Users/I558224/Desktop/Code/Backend/target/classes/com/sportsday/rest/webservices/restfulwebservices/Repository/EventRegistrationRepository.class]
10-30 12:36:15 - o.s.c.a.ClassPathBeanDefinitionScanner - Identified candidate component class: file [/Users/I558224/Desktop/Code/Backend/target/classes/com/sportsday/rest/webservices/restfulwebservices/Service/EventRegistrationService.class]
10-30 12:36:15 - o.s.c.a.ClassPathBeanDefinitionScanner - Identified candidate component class: file [/Users/I558224/Desktop/Code/Backend/target/classes/com/sportsday/rest/webservices/restfulwebservices/Service/EventService.class]
10-30 12:36:15 - o.s.c.a.ClassPathBeanDefinitionScanner - Identified candidate component class: file [/Users/I558224/Desktop/Code/Backend/target/classes/com/sportsday/rest/webservices/restfulwebservices/Service/UserService.class]
10-30 12:36:15 - o.s.c.a.ClassPathBeanDefinitionScanner - Identified candidate component class: file [/Users/I558224/Desktop/Code/Backend/target/classes/com/sportsday/rest/webservices/restfulwebservices/basic/BasicAuthenticationSecurityConfiguration.class]
10-30 12:36:15 - o.s.d.r.c.RepositoryConfigurationDelegate - Multiple Spring Data modules found, entering strict repository configuration mode
10-30 12:36:15 - o.s.d.r.c.RepositoryConfigurationDelegate - Bootstrapping Spring Data JDBC repositories in DEFAULT mode.
10-30 12:36:15 - o.s.b.f.s.DefaultListableBeanFactory - Creating shared instance of singleton bean 'org.springframework.boot.autoconfigure.AutoConfigurationPackages'
10-30 12:36:15 - o.s.b.a.AutoConfigurationPackages - @EnableAutoConfiguration was declared on a class in the package 'com.sportsday.rest.webservices.restfulwebservices'. Automatic @Repository and @Entity scanning is enabled.
10-30 12:36:15 - o.s.d.r.c.RepositoryConfigurationDelegate - Scanning for JDBC repositories in packages com.sportsday.rest.webservices.restfulwebservices.
10-30 12:36:15 - o.s.d.r.c.RepositoryComponentProvider - Identified candidate component class: file [/Users/I558224/Desktop/Code/Backend/target/classes/com/sportsday/rest/webservices/restfulwebservices/Repository/EventRegistrationRepository.class]
10-30 12:36:15 - o.s.d.r.c.RepositoryComponentProvider - Identified candidate component class: file [/Users/I558224/Desktop/Code/Backend/target/classes/com/sportsday/rest/webservices/restfulwebservices/Repository/EventRepository.class]
10-30 12:36:15 - o.s.d.r.c.RepositoryComponentProvider - Identified candidate component class: file [/Users/I558224/Desktop/Code/Backend/target/classes/com/sportsday/rest/webservices/restfulwebservices/Repository/UserRepository.class]
10-30 12:36:15 - o.s.d.r.c.RepositoryConfigurationExtensionSupport - Spring Data JDBC - Could not safely identify store assignment for repository candidate interface com.sportsday.rest.webservices.restfulwebservices.Repository.EventRegistrationRepository; If you want this repository to be a JDBC repository, consider annotating your entities with one of these annotations: org.springframework.data.relational.core.mapping.Table.
10-30 12:36:15 - o.s.d.r.c.RepositoryConfigurationExtensionSupport - Spring Data JDBC - Could not safely identify store assignment for repository candidate interface com.sportsday.rest.webservices.restfulwebservices.Repository.EventRepository; If you want this repository to be a JDBC repository, consider annotating your entities with one of these annotations: org.springframework.data.relational.core.mapping.Table.
10-30 12:36:15 - o.s.d.r.c.RepositoryConfigurationExtensionSupport - Spring Data JDBC - Could not safely identify store assignment for repository candidate interface com.sportsday.rest.webservices.restfulwebservices.Repository.UserRepository; If you want this repository to be a JDBC repository, consider annotating your entities with one of these annotations: org.springframework.data.relational.core.mapping.Table.
10-30 12:36:15 - o.s.d.r.c.RepositoryConfigurationDelegate - Finished Spring Data repository scanning in 24 ms. Found 0 JDBC repository interfaces.
10-30 12:36:15 - o.s.d.r.c.RepositoryConfigurationDelegate - Multiple Spring Data modules found, entering strict repository configuration mode
10-30 12:36:15 - o.s.d.r.c.RepositoryConfigurationDelegate - Bootstrapping Spring Data JPA repositories in DEFAULT mode.
10-30 12:36:15 - o.s.d.r.c.RepositoryConfigurationDelegate - Scanning for JPA repositories in packages com.sportsday.rest.webservices.restfulwebservices.
10-30 12:36:15 - o.s.d.r.c.RepositoryComponentProvider - Identified candidate component class: file [/Users/I558224/Desktop/Code/Backend/target/classes/com/sportsday/rest/webservices/restfulwebservices/Repository/EventRegistrationRepository.class]
10-30 12:36:15 - o.s.d.r.c.RepositoryComponentProvider - Identified candidate component class: file [/Users/I558224/Desktop/Code/Backend/target/classes/com/sportsday/rest/webservices/restfulwebservices/Repository/EventRepository.class]
10-30 12:36:15 - o.s.d.r.c.RepositoryComponentProvider - Identified candidate component class: file [/Users/I558224/Desktop/Code/Backend/target/classes/com/sportsday/rest/webservices/restfulwebservices/Repository/UserRepository.class]
10-30 12:36:15 - o.s.d.r.c.RepositoryConfigurationDelegate - Finished Spring Data repository scanning in 27 ms. Found 3 JPA repository interfaces.
10-30 12:36:15 - o.s.b.f.s.DefaultListableBeanFactory - Creating shared instance of singleton bean 'propertySourcesPlaceholderConfigurer'
10-30 12:36:16 - o.s.b.f.s.DefaultListableBeanFactory - Creating shared instance of singleton bean 'org.springframework.boot.test.mock.mockito.MockitoPostProcessor'
10-30 12:36:16 - o.s.b.f.s.DefaultListableBeanFactory - Creating shared instance of singleton bean 'org.springframework.boot.sql.init.dependency.DatabaseInitializationDependencyConfigurer$DependsOnDatabaseInitializationPostProcessor'
10-30 12:36:16 - o.s.b.f.s.DefaultListableBeanFactory - Creating shared instance of singleton bean 'emBeanDefinitionRegistrarPostProcessor'
10-30 12:36:16 - o.s.b.f.s.DefaultListableBeanFactory - Creating shared instance of singleton bean 'org.springframework.context.event.internalEventListenerProcessor'
10-30 12:36:16 - o.s.b.f.s.DefaultListableBeanFactory - Creating shared instance of singleton bean 'preserveErrorControllerTargetClassPostProcessor'
10-30 12:36:16 - o.s.b.f.s.DefaultListableBeanFactory - Creating shared instance of singleton bean 'conversionServicePostProcessor'
10-30 12:36:16 - o.s.b.f.s.DefaultListableBeanFactory - Creating shared instance of singleton bean 'org.springframework.context.event.internalEventListenerFactory'
10-30 12:36:16 - o.s.b.f.s.DefaultListableBeanFactory - Creating shared instance of singleton bean 'org.springframework.transaction.config.internalTransactionalEventListenerFactory'
10-30 12:36:16 - o.s.b.f.s.DefaultListableBeanFactory - Creating shared instance of singleton bean 'org.springframework.boot.test.mock.mockito.MockitoPostProcessor$SpyPostProcessor'
10-30 12:36:16 - o.s.b.f.s.DefaultListableBeanFactory - Creating shared instance of singleton bean 'org.springframework.context.annotation.internalAutowiredAnnotationProcessor'
10-30 12:36:16 - o.s.b.f.s.DefaultListableBeanFactory - Creating shared instance of singleton bean 'org.springframework.context.annotation.internalCommonAnnotationProcessor'
10-30 12:36:16 - o.s.b.f.s.DefaultListableBeanFactory - Creating shared instance of singleton bean 'org.springframework.context.annotation.internalPersistenceAnnotationProcessor'
10-30 12:36:16 - o.s.b.f.s.DefaultListableBeanFactory - Creating shared instance of singleton bean 'org.springframework.boot.context.properties.ConfigurationPropertiesBindingPostProcessor'
10-30 12:36:16 - o.s.b.f.s.DefaultListableBeanFactory - Creating shared instance of singleton bean 'org.springframework.boot.context.internalConfigurationPropertiesBinder'
10-30 12:36:16 - o.s.b.f.s.DefaultListableBeanFactory - Creating shared instance of singleton bean 'jdbcConnectionDetailsHikariBeanPostProcessor'
10-30 12:36:16 - o.s.b.f.s.DefaultListableBeanFactory - Creating shared instance of singleton bean 'org.springframework.aop.config.internalAutoProxyCreator'
10-30 12:36:16 - o.s.b.f.s.DefaultListableBeanFactory - Creating shared instance of singleton bean 'persistenceExceptionTranslationPostProcessor'
10-30 12:36:16 - o.s.b.f.s.DefaultListableBeanFactory - Autowiring by type from bean name 'persistenceExceptionTranslationPostProcessor' via factory method to bean named 'environment'
10-30 12:36:16 - o.s.b.f.s.DefaultListableBeanFactory - Creating shared instance of singleton bean 'webServerFactoryCustomizerBeanPostProcessor'
10-30 12:36:16 - o.s.b.f.s.DefaultListableBeanFactory - Creating shared instance of singleton bean 'errorPageRegistrarBeanPostProcessor'
10-30 12:36:16 - o.s.b.f.s.DefaultListableBeanFactory - Creating shared instance of singleton bean 'projectingArgumentResolverBeanPostProcessor'
10-30 12:36:16 - o.s.b.f.s.DefaultListableBeanFactory - Creating shared instance of singleton bean 'org.springframework.transaction.config.internalTransactionAdvisor'
10-30 12:36:16 - o.s.b.f.s.DefaultListableBeanFactory - Creating shared instance of singleton bean 'org.springframework.transaction.annotation.ProxyTransactionManagementConfiguration'
10-30 12:36:16 - o.s.b.f.s.DefaultListableBeanFactory - Creating shared instance of singleton bean 'transactionAttributeSource'
10-30 12:36:16 - o.s.b.f.s.DefaultListableBeanFactory - Creating shared instance of singleton bean 'transactionInterceptor'
10-30 12:36:16 - o.s.b.f.s.DefaultListableBeanFactory - Autowiring by type from bean name 'transactionInterceptor' via factory method to bean named 'transactionAttributeSource'
10-30 12:36:16 - o.s.b.f.s.DefaultListableBeanFactory - Autowiring by type from bean name 'org.springframework.transaction.config.internalTransactionAdvisor' via factory method to bean named 'transactionAttributeSource'
10-30 12:36:16 - o.s.b.f.s.DefaultListableBeanFactory - Autowiring by type from bean name 'org.springframework.transaction.config.internalTransactionAdvisor' via factory method to bean named 'transactionInterceptor'
10-30 12:36:16 - o.s.u.c.s.UiApplicationContextUtils - Unable to locate ThemeSource with name 'themeSource': using default [org.springframework.ui.context.support.ResourceBundleThemeSource@949c598]
10-30 12:36:16 - o.s.b.f.s.DefaultListableBeanFactory - Creating shared instance of singleton bean 'entityManagerFactory'
10-30 12:36:16 - o.s.b.f.s.DefaultListableBeanFactory - Creating shared instance of singleton bean 'org.springframework.boot.autoconfigure.orm.jpa.HibernateJpaConfiguration'
10-30 12:36:16 - o.s.b.f.s.DefaultListableBeanFactory - Creating shared instance of singleton bean 'dataSource'
10-30 12:36:16 - o.s.b.f.s.DefaultListableBeanFactory - Creating shared instance of singleton bean 'org.springframework.boot.autoconfigure.jdbc.DataSourceConfiguration$Hikari'
10-30 12:36:16 - o.s.b.f.s.DefaultListableBeanFactory - Creating shared instance of singleton bean 'spring.datasource-org.springframework.boot.autoconfigure.jdbc.DataSourceProperties'
10-30 12:36:16 - o.s.b.f.s.DefaultListableBeanFactory - Creating shared instance of singleton bean 'org.springframework.boot.context.properties.BoundConfigurationProperties'
10-30 12:36:16 - o.s.b.f.s.DefaultListableBeanFactory - Creating shared instance of singleton bean 'jdbcConnectionDetails'
10-30 12:36:16 - o.s.b.f.s.DefaultListableBeanFactory - Creating shared instance of singleton bean 'org.springframework.boot.autoconfigure.jdbc.DataSourceAutoConfiguration$PooledDataSourceConfiguration'
10-30 12:36:16 - o.s.b.f.s.DefaultListableBeanFactory - Autowiring by type from bean name 'jdbcConnectionDetails' via factory method to bean named 'spring.datasource-org.springframework.boot.autoconfigure.jdbc.DataSourceProperties'
10-30 12:36:16 - o.s.b.f.s.DefaultListableBeanFactory - Autowiring by type from bean name 'dataSource' via factory method to bean named 'spring.datasource-org.springframework.boot.autoconfigure.jdbc.DataSourceProperties'
10-30 12:36:16 - o.s.b.f.s.DefaultListableBeanFactory - Autowiring by type from bean name 'dataSource' via factory method to bean named 'jdbcConnectionDetails'
10-30 12:36:16 - o.s.b.f.s.DefaultListableBeanFactory - Creating shared instance of singleton bean 'spring.jpa-org.springframework.boot.autoconfigure.orm.jpa.JpaProperties'
10-30 12:36:16 - o.s.b.f.s.DefaultListableBeanFactory - Creating shared instance of singleton bean 'spring.jpa.hibernate-org.springframework.boot.autoconfigure.orm.jpa.HibernateProperties'
10-30 12:36:16 - o.s.b.f.s.DefaultListableBeanFactory - Autowiring by type from bean name 'org.springframework.boot.autoconfigure.orm.jpa.HibernateJpaConfiguration' via constructor to bean named 'dataSource'
10-30 12:36:16 - o.s.b.f.s.DefaultListableBeanFactory - Autowiring by type from bean name 'org.springframework.boot.autoconfigure.orm.jpa.HibernateJpaConfiguration' via constructor to bean named 'spring.jpa-org.springframework.boot.autoconfigure.orm.jpa.JpaProperties'
10-30 12:36:16 - o.s.b.f.s.DefaultListableBeanFactory - Autowiring by type from bean name 'org.springframework.boot.autoconfigure.orm.jpa.HibernateJpaConfiguration' via constructor to bean named 'org.springframework.beans.factory.support.DefaultListableBeanFactory@2fb69ff6'
10-30 12:36:16 - o.s.b.f.s.DefaultListableBeanFactory - Autowiring by type from bean name 'org.springframework.boot.autoconfigure.orm.jpa.HibernateJpaConfiguration' via constructor to bean named 'spring.jpa.hibernate-org.springframework.boot.autoconfigure.orm.jpa.HibernateProperties'
10-30 12:36:16 - o.s.b.f.s.DefaultListableBeanFactory - Creating shared instance of singleton bean 'hikariPoolDataSourceMetadataProvider'
10-30 12:36:16 - o.s.b.f.s.DefaultListableBeanFactory - Creating shared instance of singleton bean 'org.springframework.boot.autoconfigure.jdbc.metadata.DataSourcePoolMetadataProvidersConfiguration$HikariPoolDataSourceMetadataProviderConfiguration'
10-30 12:36:16 - o.s.b.f.s.DefaultListableBeanFactory - Creating shared instance of singleton bean 'entityManagerFactoryBuilder'
10-30 12:36:16 - o.s.b.f.s.DefaultListableBeanFactory - Creating shared instance of singleton bean 'jpaVendorAdapter'
10-30 12:36:16 - o.s.b.f.s.DefaultListableBeanFactory - Autowiring by type from bean name 'entityManagerFactoryBuilder' via factory method to bean named 'jpaVendorAdapter'
10-30 12:36:16 - o.s.b.f.s.DefaultListableBeanFactory - Creating shared instance of singleton bean 'persistenceManagedTypes'
10-30 12:36:16 - o.s.b.f.s.DefaultListableBeanFactory - Autowiring by type from bean name 'persistenceManagedTypes' via factory method to bean named 'org.springframework.beans.factory.support.DefaultListableBeanFactory@2fb69ff6'
10-30 12:36:16 - o.s.b.f.s.DefaultListableBeanFactory - Autowiring by type from bean name 'persistenceManagedTypes' via factory method to bean named 'org.springframework.web.context.support.GenericWebApplicationContext@52350abb'
10-30 12:36:16 - o.s.b.f.s.DefaultListableBeanFactory - Autowiring by type from bean name 'entityManagerFactory' via factory method to bean named 'entityManagerFactoryBuilder'
10-30 12:36:16 - o.s.b.f.s.DefaultListableBeanFactory - Autowiring by type from bean name 'entityManagerFactory' via factory method to bean named 'persistenceManagedTypes'
10-30 12:36:16 - o.s.o.j.LocalContainerEntityManagerFactoryBean - Building JPA container EntityManagerFactory for persistence unit 'default'
10-30 12:36:16 - o.h.jpa.internal.util.LogHelper - HHH000204: Processing PersistenceUnitInfo [name: default]
10-30 12:36:16 - org.hibernate.Version - HHH000412: Hibernate ORM core version 6.2.5.Final
10-30 12:36:16 - org.hibernate.cfg.Environment - HHH000406: Using bytecode reflection optimizer
10-30 12:36:16 - o.h.b.i.BytecodeProviderInitiator - HHH000021: Bytecode provider name : bytebuddy
10-30 12:36:16 - o.s.o.j.p.SpringPersistenceUnitInfo - No LoadTimeWeaver setup: ignoring JPA class transformer
10-30 12:36:16 - com.zaxxer.hikari.HikariDataSource - HikariPool-1 - Starting...
10-30 12:36:16 - c.z.hikari.util.DriverDataSource - Registered driver with driverClassName=com.mysql.jdbc.Driver was not found, trying direct instantiation.
10-30 12:36:17 - com.zaxxer.hikari.pool.HikariPool - HikariPool-1 - Added connection com.mysql.cj.jdbc.ConnectionImpl@2c16677c
10-30 12:36:17 - com.zaxxer.hikari.HikariDataSource - HikariPool-1 - Start completed.
10-30 12:36:17 - o.h.b.i.BytecodeProviderInitiator - HHH000021: Bytecode provider name : bytebuddy
10-30 12:36:17 - o.h.e.t.j.p.i.JtaPlatformInitiator - HHH000490: Using JtaPlatform implementation: [org.hibernate.engine.transaction.jta.platform.internal.NoJtaPlatform]
Hibernate: alter table event modify column end_time  datetime(6)
Hibernate: alter table event modify column start_time  datetime(6)
Hibernate: alter table event_registration modify column registration_date  datetime(6)
10-30 12:36:17 - o.s.o.j.LocalContainerEntityManagerFactoryBean - Initialized JPA EntityManagerFactory for persistence unit 'default'
10-30 12:36:17 - o.s.b.f.s.DefaultListableBeanFactory - Creating shared instance of singleton bean 'restfulWebServicesApplication'
10-30 12:36:17 - o.s.b.f.s.DefaultListableBeanFactory - Creating shared instance of singleton bean 'registrationController'
10-30 12:36:17 - o.s.b.f.s.DefaultListableBeanFactory - Creating shared instance of singleton bean 'userService'
10-30 12:36:17 - o.s.b.f.s.DefaultListableBeanFactory - Creating shared instance of singleton bean 'userRepository'
10-30 12:36:18 - o.s.b.f.s.DefaultListableBeanFactory - Creating shared instance of singleton bean 'jpa.named-queries#1'
10-30 12:36:18 - o.s.b.f.s.DefaultListableBeanFactory - Creating shared instance of singleton bean 'jpa.UserRepository.fragments#0'
10-30 12:36:18 - o.s.b.f.s.DefaultListableBeanFactory - Creating shared instance of singleton bean 'jpaSharedEM_entityManagerFactory'
10-30 12:36:18 - o.s.b.f.s.DefaultListableBeanFactory - Creating shared instance of singleton bean 'jpaMappingContext'
10-30 12:36:18 - o.s.d.j.r.c.JpaMetamodelMappingContextFactoryBean - Initializing JpaMetamodelMappingContext?
10-30 12:36:18 - o.s.d.j.r.c.JpaMetamodelMappingContextFactoryBean - Finished initializing JpaMetamodelMappingContext
10-30 12:36:18 - o.s.o.j.SharedEntityManagerCreator$SharedEntityManagerInvocationHandler - Creating new EntityManager for shared EntityManager invocation
10-30 12:36:18 - o.s.o.j.SharedEntityManagerCreator$SharedEntityManagerInvocationHandler - Creating new EntityManager for shared EntityManager invocation
10-30 12:36:18 - o.s.d.r.c.s.RepositoryFactorySupport - Initializing repository instance for com.sportsday.rest.webservices.restfulwebservices.Repository.UserRepository?
10-30 12:36:18 - o.s.o.j.SharedEntityManagerCreator$SharedEntityManagerInvocationHandler - Creating new EntityManager for shared EntityManager invocation
10-30 12:36:18 - o.s.d.j.repository.query.NamedQuery - Looking up named query Users.findByUsername
10-30 12:36:18 - o.s.d.j.repository.query.NamedQuery - Did not find named query Users.findByUsername
10-30 12:36:18 - o.s.o.j.SharedEntityManagerCreator$SharedEntityManagerInvocationHandler - Creating new EntityManager for shared EntityManager invocation
10-30 12:36:18 - o.s.d.r.c.s.RepositoryFactorySupport - Finished creation of repository instance for com.sportsday.rest.webservices.restfulwebservices.Repository.UserRepository.
10-30 12:36:18 - o.s.b.f.s.DefaultListableBeanFactory - Creating shared instance of singleton bean 'eventService'
10-30 12:36:18 - o.s.b.f.s.DefaultListableBeanFactory - Creating shared instance of singleton bean 'eventRepository'
10-30 12:36:18 - o.s.b.f.s.DefaultListableBeanFactory - Creating shared instance of singleton bean 'jpa.named-queries#0'
10-30 12:36:18 - o.s.b.f.s.DefaultListableBeanFactory - Creating shared instance of singleton bean 'jpa.EventRepository.fragments#0'
10-30 12:36:18 - o.s.o.j.SharedEntityManagerCreator$SharedEntityManagerInvocationHandler - Creating new EntityManager for shared EntityManager invocation
10-30 12:36:18 - o.s.d.r.c.s.RepositoryFactorySupport - Initializing repository instance for com.sportsday.rest.webservices.restfulwebservices.Repository.EventRepository?
10-30 12:36:18 - o.s.o.j.SharedEntityManagerCreator$SharedEntityManagerInvocationHandler - Creating new EntityManager for shared EntityManager invocation
10-30 12:36:18 - o.s.d.r.c.s.RepositoryFactorySupport - Finished creation of repository instance for com.sportsday.rest.webservices.restfulwebservices.Repository.EventRepository.
10-30 12:36:18 - o.s.b.f.s.DefaultListableBeanFactory - Creating shared instance of singleton bean 'eventRegistrationService'
10-30 12:36:18 - o.s.b.f.s.DefaultListableBeanFactory - Creating shared instance of singleton bean 'eventRegistrationRepository'
10-30 12:36:18 - o.s.b.f.s.DefaultListableBeanFactory - Creating shared instance of singleton bean 'jpa.named-queries#2'
10-30 12:36:18 - o.s.b.f.s.DefaultListableBeanFactory - Creating shared instance of singleton bean 'jpa.EventRegistrationRepository.fragments#0'
10-30 12:36:18 - o.s.o.j.SharedEntityManagerCreator$SharedEntityManagerInvocationHandler - Creating new EntityManager for shared EntityManager invocation
10-30 12:36:18 - o.s.d.r.c.s.RepositoryFactorySupport - Initializing repository instance for com.sportsday.rest.webservices.restfulwebservices.Repository.EventRegistrationRepository?
10-30 12:36:18 - o.s.o.j.SharedEntityManagerCreator$SharedEntityManagerInvocationHandler - Creating new EntityManager for shared EntityManager invocation
10-30 12:36:18 - o.s.d.j.repository.query.NamedQuery - Looking up named query EventRegistration.existsByEventAndUser
10-30 12:36:18 - o.s.d.j.repository.query.NamedQuery - Did not find named query EventRegistration.existsByEventAndUser
10-30 12:36:18 - o.s.o.j.SharedEntityManagerCreator$SharedEntityManagerInvocationHandler - Creating new EntityManager for shared EntityManager invocation
10-30 12:36:18 - o.s.d.j.repository.query.NamedQuery - Looking up named query EventRegistration.findByEvent
10-30 12:36:18 - o.s.d.j.repository.query.NamedQuery - Did not find named query EventRegistration.findByEvent
10-30 12:36:18 - o.s.o.j.SharedEntityManagerCreator$SharedEntityManagerInvocationHandler - Creating new EntityManager for shared EntityManager invocation
10-30 12:36:18 - o.s.d.j.repository.query.NamedQuery - Looking up named query EventRegistration.findByUser
10-30 12:36:18 - o.s.d.j.repository.query.NamedQuery - Did not find named query EventRegistration.findByUser
10-30 12:36:18 - o.s.o.j.SharedEntityManagerCreator$SharedEntityManagerInvocationHandler - Creating new EntityManager for shared EntityManager invocation
10-30 12:36:18 - o.s.d.j.repository.query.NamedQuery - Looking up named query EventRegistration.findByEventAndUser
10-30 12:36:18 - o.s.d.j.repository.query.NamedQuery - Did not find named query EventRegistration.findByEventAndUser
10-30 12:36:18 - o.s.o.j.SharedEntityManagerCreator$SharedEntityManagerInvocationHandler - Creating new EntityManager for shared EntityManager invocation
10-30 12:36:18 - o.s.d.r.c.s.RepositoryFactorySupport - Finished creation of repository instance for com.sportsday.rest.webservices.restfulwebservices.Repository.EventRegistrationRepository.
10-30 12:36:18 - o.s.b.f.s.DefaultListableBeanFactory - Creating shared instance of singleton bean 'basicAuthenticationSecurityConfiguration'
10-30 12:36:18 - o.s.b.f.s.DefaultListableBeanFactory - Creating shared instance of singleton bean 'filterChain'
10-30 12:36:18 - o.s.b.f.s.DefaultListableBeanFactory - Creating shared instance of singleton bean 'org.springframework.security.config.annotation.web.configuration.HttpSecurityConfiguration'
10-30 12:36:18 - o.s.b.f.s.DefaultListableBeanFactory - Creating shared instance of singleton bean 'objectPostProcessor'
10-30 12:36:18 - o.s.b.f.s.DefaultListableBeanFactory - Creating shared instance of singleton bean 'org.springframework.security.config.annotation.configuration.ObjectPostProcessorConfiguration'
10-30 12:36:18 - o.s.b.f.s.DefaultListableBeanFactory - Autowiring by type from bean name 'objectPostProcessor' via factory method to bean named 'org.springframework.beans.factory.support.DefaultListableBeanFactory@2fb69ff6'
10-30 12:36:18 - o.s.b.f.s.DefaultListableBeanFactory - Creating shared instance of singleton bean 'org.springframework.security.config.annotation.authentication.configuration.AuthenticationConfiguration'
10-30 12:36:18 - o.s.b.f.s.DefaultListableBeanFactory - Creating shared instance of singleton bean 'enableGlobalAuthenticationAutowiredConfigurer'
10-30 12:36:18 - o.s.b.f.s.DefaultListableBeanFactory - Autowiring by type from bean name 'enableGlobalAuthenticationAutowiredConfigurer' via factory method to bean named 'org.springframework.web.context.support.GenericWebApplicationContext@52350abb'
10-30 12:36:18 - o.s.b.f.s.DefaultListableBeanFactory - Creating shared instance of singleton bean 'initializeUserDetailsBeanManagerConfigurer'
10-30 12:36:18 - o.s.b.f.s.DefaultListableBeanFactory - Autowiring by type from bean name 'initializeUserDetailsBeanManagerConfigurer' via factory method to bean named 'org.springframework.web.context.support.GenericWebApplicationContext@52350abb'
10-30 12:36:18 - o.s.b.f.s.DefaultListableBeanFactory - Creating shared instance of singleton bean 'initializeAuthenticationProviderBeanManagerConfigurer'
10-30 12:36:18 - o.s.b.f.s.DefaultListableBeanFactory - Autowiring by type from bean name 'initializeAuthenticationProviderBeanManagerConfigurer' via factory method to bean named 'org.springframework.web.context.support.GenericWebApplicationContext@52350abb'
10-30 12:36:18 - o.s.b.f.s.DefaultListableBeanFactory - Creating shared instance of singleton bean 'mvcContentNegotiationManager'
10-30 12:36:18 - o.s.b.f.s.DefaultListableBeanFactory - Creating shared instance of singleton bean 'org.springframework.boot.autoconfigure.web.servlet.WebMvcAutoConfiguration$EnableWebMvcConfiguration'
10-30 12:36:18 - o.s.b.f.s.DefaultListableBeanFactory - Creating shared instance of singleton bean 'spring.mvc-org.springframework.boot.autoconfigure.web.servlet.WebMvcProperties'
10-30 12:36:18 - o.s.b.f.s.DefaultListableBeanFactory - Creating shared instance of singleton bean 'spring.web-org.springframework.boot.autoconfigure.web.WebProperties'
10-30 12:36:18 - o.s.b.f.s.DefaultListableBeanFactory - Autowiring by type from bean name 'org.springframework.boot.autoconfigure.web.servlet.WebMvcAutoConfiguration$EnableWebMvcConfiguration' via constructor to bean named 'spring.mvc-org.springframework.boot.autoconfigure.web.servlet.WebMvcProperties'
10-30 12:36:18 - o.s.b.f.s.DefaultListableBeanFactory - Autowiring by type from bean name 'org.springframework.boot.autoconfigure.web.servlet.WebMvcAutoConfiguration$EnableWebMvcConfiguration' via constructor to bean named 'spring.web-org.springframework.boot.autoconfigure.web.WebProperties'
10-30 12:36:18 - o.s.b.f.s.DefaultListableBeanFactory - Autowiring by type from bean name 'org.springframework.boot.autoconfigure.web.servlet.WebMvcAutoConfiguration$EnableWebMvcConfiguration' via constructor to bean named 'org.springframework.beans.factory.support.DefaultListableBeanFactory@2fb69ff6'
10-30 12:36:18 - o.s.b.f.s.DefaultListableBeanFactory - Creating shared instance of singleton bean 'corsConfigurer'
10-30 12:36:18 - o.s.b.f.s.DefaultListableBeanFactory - Creating shared instance of singleton bean 'org.springframework.boot.autoconfigure.web.servlet.WebMvcAutoConfiguration$WebMvcAutoConfigurationAdapter'
10-30 12:36:18 - o.s.b.f.s.DefaultListableBeanFactory - Autowiring by type from bean name 'org.springframework.boot.autoconfigure.web.servlet.WebMvcAutoConfiguration$WebMvcAutoConfigurationAdapter' via constructor to bean named 'spring.web-org.springframework.boot.autoconfigure.web.WebProperties'
10-30 12:36:18 - o.s.b.f.s.DefaultListableBeanFactory - Autowiring by type from bean name 'org.springframework.boot.autoconfigure.web.servlet.WebMvcAutoConfiguration$WebMvcAutoConfigurationAdapter' via constructor to bean named 'spring.mvc-org.springframework.boot.autoconfigure.web.servlet.WebMvcProperties'
10-30 12:36:18 - o.s.b.f.s.DefaultListableBeanFactory - Autowiring by type from bean name 'org.springframework.boot.autoconfigure.web.servlet.WebMvcAutoConfiguration$WebMvcAutoConfigurationAdapter' via constructor to bean named 'org.springframework.beans.factory.support.DefaultListableBeanFactory@2fb69ff6'
10-30 12:36:18 - o.s.b.f.s.DefaultListableBeanFactory - Creating shared instance of singleton bean 'openEntityManagerInViewInterceptorConfigurer'
10-30 12:36:18 - o.s.b.f.s.DefaultListableBeanFactory - Creating shared instance of singleton bean 'org.springframework.boot.autoconfigure.orm.jpa.JpaBaseConfiguration$JpaWebConfiguration'
10-30 12:36:18 - o.s.b.f.s.DefaultListableBeanFactory - Autowiring by type from bean name 'org.springframework.boot.autoconfigure.orm.jpa.JpaBaseConfiguration$JpaWebConfiguration' via constructor to bean named 'spring.jpa-org.springframework.boot.autoconfigure.orm.jpa.JpaProperties'
10-30 12:36:18 - o.s.b.f.s.DefaultListableBeanFactory - Creating shared instance of singleton bean 'openEntityManagerInViewInterceptor'
10-30 12:36:18 - o.s.b.a.o.j.JpaBaseConfiguration$JpaWebConfiguration - spring.jpa.open-in-view is enabled by default. Therefore, database queries may be performed during view rendering. Explicitly configure spring.jpa.open-in-view to disable this warning
10-30 12:36:18 - o.s.b.f.s.DefaultListableBeanFactory - Autowiring by type from bean name 'openEntityManagerInViewInterceptorConfigurer' via factory method to bean named 'openEntityManagerInViewInterceptor'
10-30 12:36:18 - o.s.b.f.s.DefaultListableBeanFactory - Creating shared instance of singleton bean 'org.springframework.data.web.config.SpringDataWebConfiguration'
10-30 12:36:18 - o.s.b.f.s.DefaultListableBeanFactory - Autowiring by type from bean name 'org.springframework.data.web.config.SpringDataWebConfiguration' via constructor to bean named 'org.springframework.web.context.support.GenericWebApplicationContext@52350abb'
10-30 12:36:18 - o.s.b.f.s.DefaultListableBeanFactory - Creating shared instance of singleton bean 'org.springframework.security.config.annotation.web.configuration.WebMvcSecurityConfiguration'
10-30 12:36:18 - o.s.b.f.s.DefaultListableBeanFactory - Creating shared instance of singleton bean 'authenticationManagerBuilder'
10-30 12:36:18 - o.s.b.f.s.DefaultListableBeanFactory - Autowiring by type from bean name 'authenticationManagerBuilder' via factory method to bean named 'objectPostProcessor'
10-30 12:36:18 - o.s.b.f.s.DefaultListableBeanFactory - Autowiring by type from bean name 'authenticationManagerBuilder' via factory method to bean named 'org.springframework.web.context.support.GenericWebApplicationContext@52350abb'
10-30 12:36:18 - o.s.b.f.s.DefaultListableBeanFactory - Creating shared instance of singleton bean 'authenticationEventPublisher'
10-30 12:36:18 - o.s.b.f.s.DefaultListableBeanFactory - Creating shared instance of singleton bean 'org.springframework.boot.autoconfigure.security.servlet.SecurityAutoConfiguration'
10-30 12:36:18 - o.s.b.f.s.DefaultListableBeanFactory - Autowiring by type from bean name 'authenticationEventPublisher' via factory method to bean named 'org.springframework.web.context.support.GenericWebApplicationContext@52350abb'
10-30 12:36:18 - o.s.b.f.s.DefaultListableBeanFactory - Creating shared instance of singleton bean 'org.springframework.boot.autoconfigure.security.servlet.SpringBootWebSecurityConfiguration$WebSecurityEnablerConfiguration'
10-30 12:36:18 - o.s.b.f.s.DefaultListableBeanFactory - Creating shared instance of singleton bean 'inMemoryUserDetailsManager'
10-30 12:36:18 - o.s.b.f.s.DefaultListableBeanFactory - Creating shared instance of singleton bean 'org.springframework.boot.autoconfigure.security.servlet.UserDetailsServiceAutoConfiguration'
10-30 12:36:18 - o.s.b.f.s.DefaultListableBeanFactory - Creating shared instance of singleton bean 'spring.security-org.springframework.boot.autoconfigure.security.SecurityProperties'
10-30 12:36:18 - o.s.b.f.s.DefaultListableBeanFactory - Autowiring by type from bean name 'inMemoryUserDetailsManager' via factory method to bean named 'spring.security-org.springframework.boot.autoconfigure.security.SecurityProperties'
10-30 12:36:18 - o.s.b.a.s.s.UserDetailsServiceAutoConfiguration - 

Using generated security password: 46c14649-e060-417f-90e8-8ef520590a34

This generated password is for development use only. Your security configuration must be updated before running your application in production.

10-30 12:36:18 - o.s.b.f.s.DefaultListableBeanFactory - Autowiring by type from bean name 'filterChain' via factory method to bean named 'org.springframework.security.config.annotation.web.configuration.HttpSecurityConfiguration.httpSecurity'
10-30 12:36:18 - o.s.s.w.a.e.ExpressionBasedFilterInvocationSecurityMetadataSource - Adding web access control expression [permitAll] for any request
10-30 12:36:18 - o.s.s.web.DefaultSecurityFilterChain - Will secure any request with [org.springframework.security.web.session.DisableEncodeUrlFilter@7ca8f5d7, org.springframework.security.web.context.request.async.WebAsyncManagerIntegrationFilter@2dc319cf, org.springframework.security.web.context.SecurityContextHolderFilter@36c1b6ff, org.springframework.security.web.header.HeaderWriterFilter@147aceec, org.springframework.security.web.authentication.logout.LogoutFilter@59700156, org.springframework.security.web.authentication.www.BasicAuthenticationFilter@7674f9d4, org.springframework.security.web.savedrequest.RequestCacheAwareFilter@16c1345b, org.springframework.security.web.servletapi.SecurityContextHolderAwareRequestFilter@278cbf5a, org.springframework.security.web.authentication.AnonymousAuthenticationFilter@1690929, org.springframework.security.web.session.SessionManagementFilter@7e5e7753, org.springframework.security.web.access.ExceptionTranslationFilter@6a905513, org.springframework.security.web.access.intercept.FilterSecurityInterceptor@4f5df012]
10-30 12:36:18 - o.s.b.f.s.DefaultListableBeanFactory - Creating shared instance of singleton bean 'org.springframework.boot.autoconfigure.context.PropertyPlaceholderAutoConfiguration'
10-30 12:36:18 - o.s.b.f.s.DefaultListableBeanFactory - Creating shared instance of singleton bean 'org.springframework.boot.autoconfigure.ssl.SslAutoConfiguration'
10-30 12:36:18 - o.s.b.f.s.DefaultListableBeanFactory - Creating shared instance of singleton bean 'sslPropertiesSslBundleRegistrar'
10-30 12:36:18 - o.s.b.f.s.DefaultListableBeanFactory - Creating shared instance of singleton bean 'spring.ssl-org.springframework.boot.autoconfigure.ssl.SslProperties'
10-30 12:36:18 - o.s.b.f.s.DefaultListableBeanFactory - Autowiring by type from bean name 'sslPropertiesSslBundleRegistrar' via factory method to bean named 'spring.ssl-org.springframework.boot.autoconfigure.ssl.SslProperties'
10-30 12:36:18 - o.s.b.f.s.DefaultListableBeanFactory - Creating shared instance of singleton bean 'sslBundleRegistry'
10-30 12:36:18 - o.s.b.f.s.DefaultListableBeanFactory - Autowiring by type from bean name 'sslBundleRegistry' via factory method to bean named 'sslPropertiesSslBundleRegistrar'
10-30 12:36:18 - o.s.b.f.s.DefaultListableBeanFactory - Creating shared instance of singleton bean 'org.springframework.boot.context.properties.EnableConfigurationPropertiesRegistrar.methodValidationExcludeFilter'
10-30 12:36:18 - o.s.b.f.s.DefaultListableBeanFactory - Creating shared instance of singleton bean 'org.springframework.boot.autoconfigure.websocket.servlet.WebSocketServletAutoConfiguration$TomcatWebSocketConfiguration'
10-30 12:36:18 - o.s.b.f.s.DefaultListableBeanFactory - Creating shared instance of singleton bean 'websocketServletWebServerCustomizer'
10-30 12:36:18 - o.s.b.f.s.DefaultListableBeanFactory - Creating shared instance of singleton bean 'org.springframework.boot.autoconfigure.websocket.servlet.WebSocketServletAutoConfiguration'
10-30 12:36:18 - o.s.b.f.s.DefaultListableBeanFactory - Creating shared instance of singleton bean 'org.springframework.boot.autoconfigure.web.servlet.ServletWebServerFactoryConfiguration$EmbeddedTomcat'
10-30 12:36:18 - o.s.b.f.s.DefaultListableBeanFactory - Creating shared instance of singleton bean 'tomcatServletWebServerFactory'
10-30 12:36:18 - o.s.b.f.s.DefaultListableBeanFactory - Creating shared instance of singleton bean 'servletWebServerFactoryCustomizer'
10-30 12:36:18 - o.s.b.f.s.DefaultListableBeanFactory - Creating shared instance of singleton bean 'org.springframework.boot.autoconfigure.web.servlet.ServletWebServerFactoryAutoConfiguration'
10-30 12:36:18 - o.s.b.f.s.DefaultListableBeanFactory - Creating shared instance of singleton bean 'server-org.springframework.boot.autoconfigure.web.ServerProperties'
10-30 12:36:18 - o.s.b.f.s.DefaultListableBeanFactory - Autowiring by type from bean name 'servletWebServerFactoryCustomizer' via factory method to bean named 'server-org.springframework.boot.autoconfigure.web.ServerProperties'
10-30 12:36:18 - o.s.b.f.s.DefaultListableBeanFactory - Creating shared instance of singleton bean 'tomcatServletWebServerFactoryCustomizer'
10-30 12:36:18 - o.s.b.f.s.DefaultListableBeanFactory - Autowiring by type from bean name 'tomcatServletWebServerFactoryCustomizer' via factory method to bean named 'server-org.springframework.boot.autoconfigure.web.ServerProperties'
10-30 12:36:18 - o.s.b.f.s.DefaultListableBeanFactory - Creating shared instance of singleton bean 'localeCharsetMappingsCustomizer'
10-30 12:36:18 - o.s.b.f.s.DefaultListableBeanFactory - Creating shared instance of singleton bean 'org.springframework.boot.autoconfigure.web.servlet.HttpEncodingAutoConfiguration'
10-30 12:36:18 - o.s.b.f.s.DefaultListableBeanFactory - Autowiring by type from bean name 'org.springframework.boot.autoconfigure.web.servlet.HttpEncodingAutoConfiguration' via constructor to bean named 'server-org.springframework.boot.autoconfigure.web.ServerProperties'
10-30 12:36:18 - o.s.b.f.s.DefaultListableBeanFactory - Creating shared instance of singleton bean 'errorPageCustomizer'
10-30 12:36:18 - o.s.b.f.s.DefaultListableBeanFactory - Creating shared instance of singleton bean 'org.springframework.boot.autoconfigure.web.servlet.error.ErrorMvcAutoConfiguration'
10-30 12:36:18 - o.s.b.f.s.DefaultListableBeanFactory - Autowiring by type from bean name 'org.springframework.boot.autoconfigure.web.servlet.error.ErrorMvcAutoConfiguration' via constructor to bean named 'server-org.springframework.boot.autoconfigure.web.ServerProperties'
10-30 12:36:18 - o.s.b.f.s.DefaultListableBeanFactory - Creating shared instance of singleton bean 'dispatcherServletRegistration'
10-30 12:36:18 - o.s.b.f.s.DefaultListableBeanFactory - Creating shared instance of singleton bean 'org.springframework.boot.autoconfigure.web.servlet.DispatcherServletAutoConfiguration$DispatcherServletRegistrationConfiguration'
10-30 12:36:18 - o.s.b.f.s.DefaultListableBeanFactory - Creating shared instance of singleton bean 'dispatcherServlet'
10-30 12:36:18 - o.s.b.f.s.DefaultListableBeanFactory - Creating shared instance of singleton bean 'org.springframework.boot.autoconfigure.web.servlet.DispatcherServletAutoConfiguration$DispatcherServletConfiguration'
10-30 12:36:18 - o.s.b.f.s.DefaultListableBeanFactory - Autowiring by type from bean name 'dispatcherServlet' via factory method to bean named 'spring.mvc-org.springframework.boot.autoconfigure.web.servlet.WebMvcProperties'
10-30 12:36:18 - o.s.b.f.s.DefaultListableBeanFactory - Autowiring by type from bean name 'dispatcherServletRegistration' via factory method to bean named 'dispatcherServlet'
10-30 12:36:18 - o.s.b.f.s.DefaultListableBeanFactory - Autowiring by type from bean name 'dispatcherServletRegistration' via factory method to bean named 'spring.mvc-org.springframework.boot.autoconfigure.web.servlet.WebMvcProperties'
10-30 12:36:18 - o.s.b.f.s.DefaultListableBeanFactory - Creating shared instance of singleton bean 'multipartConfigElement'
10-30 12:36:18 - o.s.b.f.s.DefaultListableBeanFactory - Creating shared instance of singleton bean 'org.springframework.boot.autoconfigure.web.servlet.MultipartAutoConfiguration'
10-30 12:36:18 - o.s.b.f.s.DefaultListableBeanFactory - Creating shared instance of singleton bean 'spring.servlet.multipart-org.springframework.boot.autoconfigure.web.servlet.MultipartProperties'
10-30 12:36:18 - o.s.b.f.s.DefaultListableBeanFactory - Autowiring by type from bean name 'org.springframework.boot.autoconfigure.web.servlet.MultipartAutoConfiguration' via constructor to bean named 'spring.servlet.multipart-org.springframework.boot.autoconfigure.web.servlet.MultipartProperties'
10-30 12:36:18 - o.s.b.f.s.DefaultListableBeanFactory - Autowiring by type from bean name 'errorPageCustomizer' via factory method to bean named 'dispatcherServletRegistration'
10-30 12:36:18 - o.s.b.f.s.DefaultListableBeanFactory - Creating shared instance of singleton bean 'org.springframework.boot.autoconfigure.web.servlet.DispatcherServletAutoConfiguration'
10-30 12:36:18 - o.s.b.f.s.DefaultListableBeanFactory - Creating shared instance of singleton bean 'org.springframework.boot.autoconfigure.task.TaskExecutionAutoConfiguration'
10-30 12:36:18 - o.s.b.f.s.DefaultListableBeanFactory - Creating shared instance of singleton bean 'taskExecutorBuilder'
10-30 12:36:18 - o.s.b.f.s.DefaultListableBeanFactory - Creating shared instance of singleton bean 'spring.task.execution-org.springframework.boot.autoconfigure.task.TaskExecutionProperties'
10-30 12:36:18 - o.s.b.f.s.DefaultListableBeanFactory - Autowiring by type from bean name 'taskExecutorBuilder' via factory method to bean named 'spring.task.execution-org.springframework.boot.autoconfigure.task.TaskExecutionProperties'
10-30 12:36:18 - o.s.b.f.s.DefaultListableBeanFactory - Creating shared instance of singleton bean 'org.springframework.boot.autoconfigure.web.servlet.error.ErrorMvcAutoConfiguration$WhitelabelErrorViewConfiguration'
10-30 12:36:18 - o.s.b.f.s.DefaultListableBeanFactory - Creating shared instance of singleton bean 'error'
10-30 12:36:18 - o.s.b.f.s.DefaultListableBeanFactory - Creating shared instance of singleton bean 'beanNameViewResolver'
10-30 12:36:18 - o.s.b.f.s.DefaultListableBeanFactory - Creating shared instance of singleton bean 'org.springframework.boot.autoconfigure.web.servlet.error.ErrorMvcAutoConfiguration$DefaultErrorViewResolverConfiguration'
10-30 12:36:18 - o.s.b.f.s.DefaultListableBeanFactory - Autowiring by type from bean name 'org.springframework.boot.autoconfigure.web.servlet.error.ErrorMvcAutoConfiguration$DefaultErrorViewResolverConfiguration' via constructor to bean named 'org.springframework.web.context.support.GenericWebApplicationContext@52350abb'
10-30 12:36:18 - o.s.b.f.s.DefaultListableBeanFactory - Autowiring by type from bean name 'org.springframework.boot.autoconfigure.web.servlet.error.ErrorMvcAutoConfiguration$DefaultErrorViewResolverConfiguration' via constructor to bean named 'spring.web-org.springframework.boot.autoconfigure.web.WebProperties'
10-30 12:36:18 - o.s.b.f.s.DefaultListableBeanFactory - Creating shared instance of singleton bean 'conventionErrorViewResolver'
10-30 12:36:18 - o.s.b.f.s.DefaultListableBeanFactory - Creating shared instance of singleton bean 'errorAttributes'
10-30 12:36:18 - o.s.b.f.s.DefaultListableBeanFactory - Creating shared instance of singleton bean 'basicErrorController'
10-30 12:36:18 - o.s.b.f.s.DefaultListableBeanFactory - Autowiring by type from bean name 'basicErrorController' via factory method to bean named 'errorAttributes'
10-30 12:36:18 - o.s.b.f.s.DefaultListableBeanFactory - Creating shared instance of singleton bean 'requestMappingHandlerAdapter'
10-30 12:36:18 - o.s.b.f.s.DefaultListableBeanFactory - Creating shared instance of singleton bean 'mvcConversionService'
10-30 12:36:18 - o.s.b.f.s.DefaultListableBeanFactory - Creating shared instance of singleton bean 'mvcValidator'
10-30 12:36:18 - o.s.b.f.s.DefaultListableBeanFactory - Autowiring by type from bean name 'requestMappingHandlerAdapter' via factory method to bean named 'mvcContentNegotiationManager'
10-30 12:36:18 - o.s.b.f.s.DefaultListableBeanFactory - Autowiring by type from bean name 'requestMappingHandlerAdapter' via factory method to bean named 'mvcConversionService'
10-30 12:36:18 - o.s.b.f.s.DefaultListableBeanFactory - Autowiring by type from bean name 'requestMappingHandlerAdapter' via factory method to bean named 'mvcValidator'
10-30 12:36:18 - o.s.b.f.s.DefaultListableBeanFactory - Creating shared instance of singleton bean 'messageConverters'
10-30 12:36:18 - o.s.b.f.s.DefaultListableBeanFactory - Creating shared instance of singleton bean 'org.springframework.boot.autoconfigure.http.HttpMessageConvertersAutoConfiguration'
10-30 12:36:18 - o.s.b.f.s.DefaultListableBeanFactory - Creating shared instance of singleton bean 'stringHttpMessageConverter'
10-30 12:36:18 - o.s.b.f.s.DefaultListableBeanFactory - Creating shared instance of singleton bean 'org.springframework.boot.autoconfigure.http.HttpMessageConvertersAutoConfiguration$StringHttpMessageConverterConfiguration'
10-30 12:36:18 - o.s.b.f.s.DefaultListableBeanFactory - Autowiring by type from bean name 'stringHttpMessageConverter' via factory method to bean named 'environment'
10-30 12:36:18 - o.s.b.f.s.DefaultListableBeanFactory - Creating shared instance of singleton bean 'mappingJackson2HttpMessageConverter'
10-30 12:36:18 - o.s.b.f.s.DefaultListableBeanFactory - Creating shared instance of singleton bean 'org.springframework.boot.autoconfigure.http.JacksonHttpMessageConvertersConfiguration$MappingJackson2HttpMessageConverterConfiguration'
10-30 12:36:18 - o.s.b.f.s.DefaultListableBeanFactory - Creating shared instance of singleton bean 'jacksonObjectMapper'
10-30 12:36:18 - o.s.b.f.s.DefaultListableBeanFactory - Creating shared instance of singleton bean 'org.springframework.boot.autoconfigure.jackson.JacksonAutoConfiguration$JacksonObjectMapperConfiguration'
10-30 12:36:18 - o.s.b.f.s.DefaultListableBeanFactory - Creating shared instance of singleton bean 'org.springframework.boot.autoconfigure.jackson.JacksonAutoConfiguration$JacksonObjectMapperBuilderConfiguration'
10-30 12:36:18 - o.s.b.f.s.DefaultListableBeanFactory - Creating shared instance of singleton bean 'standardJacksonObjectMapperBuilderCustomizer'
10-30 12:36:18 - o.s.b.f.s.DefaultListableBeanFactory - Creating shared instance of singleton bean 'org.springframework.boot.autoconfigure.jackson.JacksonAutoConfiguration$Jackson2ObjectMapperBuilderCustomizerConfiguration'
10-30 12:36:18 - o.s.b.f.s.DefaultListableBeanFactory - Creating shared instance of singleton bean 'spring.jackson-org.springframework.boot.autoconfigure.jackson.JacksonProperties'
10-30 12:36:18 - o.s.b.f.s.DefaultListableBeanFactory - Autowiring by type from bean name 'standardJacksonObjectMapperBuilderCustomizer' via factory method to bean named 'spring.jackson-org.springframework.boot.autoconfigure.jackson.JacksonProperties'
10-30 12:36:18 - o.s.b.f.s.DefaultListableBeanFactory - Creating shared instance of singleton bean 'parameterNamesModule'
10-30 12:36:18 - o.s.b.f.s.DefaultListableBeanFactory - Creating shared instance of singleton bean 'org.springframework.boot.autoconfigure.jackson.JacksonAutoConfiguration$ParameterNamesModuleConfiguration'
10-30 12:36:18 - o.s.b.f.s.DefaultListableBeanFactory - Creating shared instance of singleton bean 'jsonMixinModule'
10-30 12:36:18 - o.s.b.f.s.DefaultListableBeanFactory - Creating shared instance of singleton bean 'org.springframework.boot.autoconfigure.jackson.JacksonAutoConfiguration$JacksonMixinConfiguration'
10-30 12:36:18 - o.s.b.f.s.DefaultListableBeanFactory - Creating shared instance of singleton bean 'jsonMixinModuleEntries'
10-30 12:36:18 - o.s.b.f.s.DefaultListableBeanFactory - Autowiring by type from bean name 'jsonMixinModuleEntries' via factory method to bean named 'org.springframework.web.context.support.GenericWebApplicationContext@52350abb'
10-30 12:36:18 - o.s.b.f.s.DefaultListableBeanFactory - Autowiring by type from bean name 'jsonMixinModule' via factory method to bean named 'org.springframework.web.context.support.GenericWebApplicationContext@52350abb'
10-30 12:36:18 - o.s.b.f.s.DefaultListableBeanFactory - Autowiring by type from bean name 'jsonMixinModule' via factory method to bean named 'jsonMixinModuleEntries'
10-30 12:36:18 - o.s.b.f.s.DefaultListableBeanFactory - Creating shared instance of singleton bean 'jsonComponentModule'
10-30 12:36:18 - o.s.b.f.s.DefaultListableBeanFactory - Creating shared instance of singleton bean 'org.springframework.boot.autoconfigure.jackson.JacksonAutoConfiguration'
10-30 12:36:18 - o.s.b.f.s.DefaultListableBeanFactory - Creating shared instance of singleton bean 'jacksonGeoModule'
10-30 12:36:18 - o.s.b.f.s.DefaultListableBeanFactory - Creating shared instance of singleton bean 'org.springframework.data.web.config.SpringDataJacksonConfiguration'
10-30 12:36:18 - o.s.b.f.s.DefaultListableBeanFactory - Autowiring by type from bean name 'jacksonObjectMapperBuilder' via factory method to bean named 'org.springframework.web.context.support.GenericWebApplicationContext@52350abb'
10-30 12:36:18 - o.s.b.f.s.DefaultListableBeanFactory - Autowiring by type from bean name 'jacksonObjectMapperBuilder' via factory method to bean named 'standardJacksonObjectMapperBuilderCustomizer'
10-30 12:36:18 - o.s.b.f.s.DefaultListableBeanFactory - Autowiring by type from bean name 'jacksonObjectMapper' via factory method to bean named 'jacksonObjectMapperBuilder'
10-30 12:36:18 - o.s.b.f.s.DefaultListableBeanFactory - Autowiring by type from bean name 'mappingJackson2HttpMessageConverter' via factory method to bean named 'jacksonObjectMapper'
10-30 12:36:19 - o.s.b.f.s.DefaultListableBeanFactory - Creating shared instance of singleton bean 'sortResolver'
10-30 12:36:19 - o.s.b.f.s.DefaultListableBeanFactory - Creating shared instance of singleton bean 'sortCustomizer'
10-30 12:36:19 - o.s.b.f.s.DefaultListableBeanFactory - Creating shared instance of singleton bean 'org.springframework.boot.autoconfigure.data.web.SpringDataWebAutoConfiguration'
10-30 12:36:19 - o.s.b.f.s.DefaultListableBeanFactory - Creating shared instance of singleton bean 'spring.data.web-org.springframework.boot.autoconfigure.data.web.SpringDataWebProperties'
10-30 12:36:19 - o.s.b.f.s.DefaultListableBeanFactory - Autowiring by type from bean name 'org.springframework.boot.autoconfigure.data.web.SpringDataWebAutoConfiguration' via constructor to bean named 'spring.data.web-org.springframework.boot.autoconfigure.data.web.SpringDataWebProperties'
10-30 12:36:19 - o.s.b.f.s.DefaultListableBeanFactory - Creating shared instance of singleton bean 'pageableResolver'
10-30 12:36:19 - o.s.b.f.s.DefaultListableBeanFactory - Creating shared instance of singleton bean 'pageableCustomizer'
10-30 12:36:19 - o.s.b.f.s.DefaultListableBeanFactory - Creating shared instance of singleton bean 'applicationTaskExecutor'
10-30 12:36:19 - o.s.b.f.s.DefaultListableBeanFactory - Autowiring by type from bean name 'applicationTaskExecutor' via factory method to bean named 'taskExecutorBuilder'
10-30 12:36:19 - o.s.s.c.ThreadPoolTaskExecutor - Initializing ExecutorService 'applicationTaskExecutor'
10-30 12:36:19 - o.s.w.s.m.m.a.RequestMappingHandlerAdapter - ControllerAdvice beans: 0 @ModelAttribute, 0 @InitBinder, 1 RequestBodyAdvice, 1 ResponseBodyAdvice
10-30 12:36:19 - o.s.b.f.s.DefaultListableBeanFactory - Creating shared instance of singleton bean 'welcomePageHandlerMapping'
10-30 12:36:19 - o.s.b.f.s.DefaultListableBeanFactory - Creating shared instance of singleton bean 'mvcResourceUrlProvider'
10-30 12:36:19 - o.s.b.f.s.DefaultListableBeanFactory - Autowiring by type from bean name 'welcomePageHandlerMapping' via factory method to bean named 'org.springframework.web.context.support.GenericWebApplicationContext@52350abb'
10-30 12:36:19 - o.s.b.f.s.DefaultListableBeanFactory - Autowiring by type from bean name 'welcomePageHandlerMapping' via factory method to bean named 'mvcConversionService'
10-30 12:36:19 - o.s.b.f.s.DefaultListableBeanFactory - Autowiring by type from bean name 'welcomePageHandlerMapping' via factory method to bean named 'mvcResourceUrlProvider'
10-30 12:36:19 - o.s.b.f.s.DefaultListableBeanFactory - Creating shared instance of singleton bean 'welcomePageNotAcceptableHandlerMapping'
10-30 12:36:19 - o.s.b.f.s.DefaultListableBeanFactory - Autowiring by type from bean name 'welcomePageNotAcceptableHandlerMapping' via factory method to bean named 'org.springframework.web.context.support.GenericWebApplicationContext@52350abb'
10-30 12:36:19 - o.s.b.f.s.DefaultListableBeanFactory - Autowiring by type from bean name 'welcomePageNotAcceptableHandlerMapping' via factory method to bean named 'mvcConversionService'
10-30 12:36:19 - o.s.b.f.s.DefaultListableBeanFactory - Autowiring by type from bean name 'welcomePageNotAcceptableHandlerMapping' via factory method to bean named 'mvcResourceUrlProvider'
10-30 12:36:19 - o.s.b.f.s.DefaultListableBeanFactory - Creating shared instance of singleton bean 'localeResolver'
10-30 12:36:19 - o.s.b.f.s.DefaultListableBeanFactory - Creating shared instance of singleton bean 'themeResolver'
10-30 12:36:19 - o.s.b.f.s.DefaultListableBeanFactory - Creating shared instance of singleton bean 'flashMapManager'
10-30 12:36:19 - o.s.b.f.s.DefaultListableBeanFactory - Creating shared instance of singleton bean 'requestMappingHandlerMapping'
10-30 12:36:19 - o.s.b.f.s.DefaultListableBeanFactory - Autowiring by type from bean name 'requestMappingHandlerMapping' via factory method to bean named 'mvcContentNegotiationManager'
10-30 12:36:19 - o.s.b.f.s.DefaultListableBeanFactory - Autowiring by type from bean name 'requestMappingHandlerMapping' via factory method to bean named 'mvcConversionService'
10-30 12:36:19 - o.s.b.f.s.DefaultListableBeanFactory - Autowiring by type from bean name 'requestMappingHandlerMapping' via factory method to bean named 'mvcResourceUrlProvider'
10-30 12:36:19 - o.s.w.s.m.m.a.RequestMappingHandlerMapping - 8 mappings in 'requestMappingHandlerMapping'
10-30 12:36:19 - o.s.b.f.s.DefaultListableBeanFactory - Creating shared instance of singleton bean 'mvcPatternParser'
10-30 12:36:19 - o.s.b.f.s.DefaultListableBeanFactory - Creating shared instance of singleton bean 'mvcUrlPathHelper'
10-30 12:36:19 - o.s.b.f.s.DefaultListableBeanFactory - Creating shared instance of singleton bean 'mvcPathMatcher'
10-30 12:36:19 - o.s.b.f.s.DefaultListableBeanFactory - Creating shared instance of singleton bean 'viewControllerHandlerMapping'
10-30 12:36:19 - o.s.b.f.s.DefaultListableBeanFactory - Autowiring by type from bean name 'viewControllerHandlerMapping' via factory method to bean named 'mvcConversionService'
10-30 12:36:19 - o.s.b.f.s.DefaultListableBeanFactory - Autowiring by type from bean name 'viewControllerHandlerMapping' via factory method to bean named 'mvcResourceUrlProvider'
10-30 12:36:19 - o.s.b.f.s.DefaultListableBeanFactory - Creating shared instance of singleton bean 'beanNameHandlerMapping'
10-30 12:36:19 - o.s.b.f.s.DefaultListableBeanFactory - Autowiring by type from bean name 'beanNameHandlerMapping' via factory method to bean named 'mvcConversionService'
10-30 12:36:19 - o.s.b.f.s.DefaultListableBeanFactory - Autowiring by type from bean name 'beanNameHandlerMapping' via factory method to bean named 'mvcResourceUrlProvider'
10-30 12:36:19 - o.s.b.f.s.DefaultListableBeanFactory - Creating shared instance of singleton bean 'routerFunctionMapping'
10-30 12:36:19 - o.s.b.f.s.DefaultListableBeanFactory - Autowiring by type from bean name 'routerFunctionMapping' via factory method to bean named 'mvcConversionService'
10-30 12:36:19 - o.s.b.f.s.DefaultListableBeanFactory - Autowiring by type from bean name 'routerFunctionMapping' via factory method to bean named 'mvcResourceUrlProvider'
10-30 12:36:19 - o.s.b.f.s.DefaultListableBeanFactory - Creating shared instance of singleton bean 'resourceHandlerMapping'
10-30 12:36:19 - o.s.b.f.s.DefaultListableBeanFactory - Autowiring by type from bean name 'resourceHandlerMapping' via factory method to bean named 'mvcContentNegotiationManager'
10-30 12:36:19 - o.s.b.f.s.DefaultListableBeanFactory - Autowiring by type from bean name 'resourceHandlerMapping' via factory method to bean named 'mvcConversionService'
10-30 12:36:19 - o.s.b.f.s.DefaultListableBeanFactory - Autowiring by type from bean name 'resourceHandlerMapping' via factory method to bean named 'mvcResourceUrlProvider'
10-30 12:36:19 - o.s.w.s.h.SimpleUrlHandlerMapping - Patterns [/webjars/**, /**] in 'resourceHandlerMapping'
10-30 12:36:19 - o.s.b.f.s.DefaultListableBeanFactory - Creating shared instance of singleton bean 'defaultServletHandlerMapping'
10-30 12:36:19 - o.s.b.f.s.DefaultListableBeanFactory - Creating shared instance of singleton bean 'handlerFunctionAdapter'
10-30 12:36:19 - o.s.b.f.s.DefaultListableBeanFactory - Creating shared instance of singleton bean 'mvcUriComponentsContributor'
10-30 12:36:19 - o.s.b.f.s.DefaultListableBeanFactory - Autowiring by type from bean name 'mvcUriComponentsContributor' via factory method to bean named 'mvcConversionService'
10-30 12:36:19 - o.s.b.f.s.DefaultListableBeanFactory - Autowiring by type from bean name 'mvcUriComponentsContributor' via factory method to bean named 'requestMappingHandlerAdapter'
10-30 12:36:19 - o.s.b.f.s.DefaultListableBeanFactory - Creating shared instance of singleton bean 'httpRequestHandlerAdapter'
10-30 12:36:19 - o.s.b.f.s.DefaultListableBeanFactory - Creating shared instance of singleton bean 'simpleControllerHandlerAdapter'
10-30 12:36:19 - o.s.b.f.s.DefaultListableBeanFactory - Creating shared instance of singleton bean 'handlerExceptionResolver'
10-30 12:36:19 - o.s.b.f.s.DefaultListableBeanFactory - Autowiring by type from bean name 'handlerExceptionResolver' via factory method to bean named 'mvcContentNegotiationManager'
10-30 12:36:19 - o.s.w.s.m.m.a.ExceptionHandlerExceptionResolver - ControllerAdvice beans: 0 @ExceptionHandler, 1 ResponseBodyAdvice
10-30 12:36:19 - o.s.b.f.s.DefaultListableBeanFactory - Creating shared instance of singleton bean 'mvcViewResolver'
10-30 12:36:19 - o.s.b.f.s.DefaultListableBeanFactory - Autowiring by type from bean name 'mvcViewResolver' via factory method to bean named 'mvcContentNegotiationManager'
10-30 12:36:19 - o.s.b.f.s.DefaultListableBeanFactory - Creating shared instance of singleton bean 'viewNameTranslator'
10-30 12:36:19 - o.s.b.f.s.DefaultListableBeanFactory - Creating shared instance of singleton bean 'defaultViewResolver'
10-30 12:36:19 - o.s.b.f.s.DefaultListableBeanFactory - Creating shared instance of singleton bean 'viewResolver'
10-30 12:36:19 - o.s.b.f.s.DefaultListableBeanFactory - Autowiring by type from bean name 'viewResolver' via factory method to bean named 'org.springframework.beans.factory.support.DefaultListableBeanFactory@2fb69ff6'
10-30 12:36:19 - o.s.b.f.s.DefaultListableBeanFactory - Creating shared instance of singleton bean 'viewResolver'
10-30 12:36:19 - o.s.b.f.s.DefaultListableBeanFactory - Creating shared instance of singleton bean 'requestContextFilter'
10-30 12:36:19 - o.s.b.f.s.DefaultListableBeanFactory - Creating shared instance of singleton bean 'org.springframework.boot.autoconfigure.web.servlet.WebMvcAutoConfiguration'
10-30 12:36:19 - o.s.b.f.s.DefaultListableBeanFactory - Creating shared instance of singleton bean 'formContentFilter'
10-30 12:36:19 - o.s.b.f.s.DefaultListableBeanFactory - Creating shared instance of singleton bean 'org.springframework.boot.autoconfigure.aop.AopAutoConfiguration$AspectJAutoProxyingConfiguration$CglibAutoProxyConfiguration'
10-30 12:36:19 - o.s.b.f.s.DefaultListableBeanFactory - Creating shared instance of singleton bean 'org.springframework.boot.autoconfigure.aop.AopAutoConfiguration$AspectJAutoProxyingConfiguration'
10-30 12:36:19 - o.s.b.f.s.DefaultListableBeanFactory - Creating shared instance of singleton bean 'org.springframework.boot.autoconfigure.aop.AopAutoConfiguration'
10-30 12:36:19 - o.s.b.f.s.DefaultListableBeanFactory - Creating shared instance of singleton bean 'org.springframework.boot.autoconfigure.availability.ApplicationAvailabilityAutoConfiguration'
10-30 12:36:19 - o.s.b.f.s.DefaultListableBeanFactory - Creating shared instance of singleton bean 'applicationAvailability'
10-30 12:36:19 - o.s.b.f.s.DefaultListableBeanFactory - Creating shared instance of singleton bean 'org.springframework.boot.autoconfigure.transaction.jta.JtaAutoConfiguration'
10-30 12:36:19 - o.s.b.f.s.DefaultListableBeanFactory - Creating shared instance of singleton bean 'org.springframework.boot.autoconfigure.jdbc.metadata.DataSourcePoolMetadataProvidersConfiguration'
10-30 12:36:19 - o.s.b.f.s.DefaultListableBeanFactory - Creating shared instance of singleton bean 'org.springframework.boot.autoconfigure.jdbc.DataSourceAutoConfiguration'
10-30 12:36:19 - o.s.b.f.s.DefaultListableBeanFactory - Creating shared instance of singleton bean 'org.springframework.boot.autoconfigure.orm.jpa.JpaBaseConfiguration$PersistenceManagedTypesConfiguration'
10-30 12:36:19 - o.s.b.f.s.DefaultListableBeanFactory - Creating shared instance of singleton bean 'transactionManager'
10-30 12:36:19 - o.s.b.f.s.DefaultListableBeanFactory - Creating shared instance of singleton bean 'platformTransactionManagerCustomizers'
10-30 12:36:19 - o.s.b.f.s.DefaultListableBeanFactory - Creating shared instance of singleton bean 'org.springframework.boot.autoconfigure.transaction.TransactionAutoConfiguration'
10-30 12:36:19 - o.s.b.f.s.DefaultListableBeanFactory - Creating shared instance of singleton bean 'spring.transaction-org.springframework.boot.autoconfigure.transaction.TransactionProperties'
10-30 12:36:19 - o.s.b.f.s.DefaultListableBeanFactory - Creating shared instance of singleton bean 'org.springframework.boot.autoconfigure.orm.jpa.HibernateJpaAutoConfiguration'
10-30 12:36:19 - o.s.b.f.s.DefaultListableBeanFactory - Creating shared instance of singleton bean 'org.springframework.boot.autoconfigure.context.ConfigurationPropertiesAutoConfiguration'
10-30 12:36:19 - o.s.b.f.s.DefaultListableBeanFactory - Creating shared instance of singleton bean 'org.springframework.boot.autoconfigure.context.LifecycleAutoConfiguration'
10-30 12:36:19 - o.s.b.f.s.DefaultListableBeanFactory - Creating shared instance of singleton bean 'lifecycleProcessor'
10-30 12:36:19 - o.s.b.f.s.DefaultListableBeanFactory - Creating shared instance of singleton bean 'spring.lifecycle-org.springframework.boot.autoconfigure.context.LifecycleProperties'
10-30 12:36:19 - o.s.b.f.s.DefaultListableBeanFactory - Autowiring by type from bean name 'lifecycleProcessor' via factory method to bean named 'spring.lifecycle-org.springframework.boot.autoconfigure.context.LifecycleProperties'
10-30 12:36:19 - o.s.b.f.s.DefaultListableBeanFactory - Creating shared instance of singleton bean 'org.springframework.boot.autoconfigure.dao.PersistenceExceptionTranslationAutoConfiguration'
10-30 12:36:19 - o.s.b.f.s.DefaultListableBeanFactory - Creating shared instance of singleton bean 'org.springframework.boot.autoconfigure.jdbc.JdbcTemplateConfiguration'
10-30 12:36:19 - o.s.b.f.s.DefaultListableBeanFactory - Creating shared instance of singleton bean 'dataSourceScriptDatabaseInitializer'
10-30 12:36:19 - o.s.b.f.s.DefaultListableBeanFactory - Creating shared instance of singleton bean 'org.springframework.boot.autoconfigure.sql.init.DataSourceInitializationConfiguration'
10-30 12:36:19 - o.s.b.f.s.DefaultListableBeanFactory - Creating shared instance of singleton bean 'spring.sql.init-org.springframework.boot.autoconfigure.sql.init.SqlInitializationProperties'
10-30 12:36:19 - o.s.b.f.s.DefaultListableBeanFactory - Autowiring by type from bean name 'dataSourceScriptDatabaseInitializer' via factory method to bean named 'dataSource'
10-30 12:36:19 - o.s.b.f.s.DefaultListableBeanFactory - Autowiring by type from bean name 'dataSourceScriptDatabaseInitializer' via factory method to bean named 'spring.sql.init-org.springframework.boot.autoconfigure.sql.init.SqlInitializationProperties'
10-30 12:36:19 - o.s.jdbc.datasource.DataSourceUtils - Fetching JDBC Connection from DataSource
10-30 12:36:19 - o.s.b.f.s.DefaultListableBeanFactory - Creating shared instance of singleton bean 'jdbcTemplate'
10-30 12:36:19 - o.s.b.f.s.DefaultListableBeanFactory - Creating shared instance of singleton bean 'spring.jdbc-org.springframework.boot.autoconfigure.jdbc.JdbcProperties'
10-30 12:36:19 - o.s.b.f.s.DefaultListableBeanFactory - Autowiring by type from bean name 'jdbcTemplate' via factory method to bean named 'dataSource'
10-30 12:36:19 - o.s.b.f.s.DefaultListableBeanFactory - Autowiring by type from bean name 'jdbcTemplate' via factory method to bean named 'spring.jdbc-org.springframework.boot.autoconfigure.jdbc.JdbcProperties'
10-30 12:36:19 - o.s.b.f.s.DefaultListableBeanFactory - Creating shared instance of singleton bean 'org.springframework.boot.autoconfigure.jdbc.NamedParameterJdbcTemplateConfiguration'
10-30 12:36:19 - o.s.b.f.s.DefaultListableBeanFactory - Creating shared instance of singleton bean 'namedParameterJdbcTemplate'
10-30 12:36:19 - o.s.b.f.s.DefaultListableBeanFactory - Autowiring by type from bean name 'namedParameterJdbcTemplate' via factory method to bean named 'jdbcTemplate'
10-30 12:36:19 - o.s.b.f.s.DefaultListableBeanFactory - Creating shared instance of singleton bean 'org.springframework.boot.autoconfigure.jdbc.JdbcTemplateAutoConfiguration'
10-30 12:36:19 - o.s.b.f.s.DefaultListableBeanFactory - Creating shared instance of singleton bean 'org.springframework.boot.autoconfigure.jdbc.DataSourceTransactionManagerAutoConfiguration$JdbcTransactionManagerConfiguration'
10-30 12:36:19 - o.s.b.f.s.DefaultListableBeanFactory - Creating shared instance of singleton bean 'org.springframework.boot.autoconfigure.jdbc.DataSourceTransactionManagerAutoConfiguration'
10-30 12:36:19 - o.s.b.f.s.DefaultListableBeanFactory - Creating shared instance of singleton bean 'org.springframework.boot.autoconfigure.data.jdbc.JdbcRepositoriesAutoConfiguration$SpringBootJdbcConfiguration'
10-30 12:36:19 - o.s.b.f.s.DefaultListableBeanFactory - Autowiring by type from bean name 'org.springframework.boot.autoconfigure.data.jdbc.JdbcRepositoriesAutoConfiguration$SpringBootJdbcConfiguration' via constructor to bean named 'org.springframework.web.context.support.GenericWebApplicationContext@52350abb'
10-30 12:36:19 - o.s.b.f.s.DefaultListableBeanFactory - Creating shared instance of singleton bean 'jdbcManagedTypes'
10-30 12:36:19 - o.s.b.f.s.DefaultListableBeanFactory - Creating shared instance of singleton bean 'jdbcMappingContext'
10-30 12:36:19 - o.s.b.f.s.DefaultListableBeanFactory - Creating shared instance of singleton bean 'jdbcCustomConversions'
10-30 12:36:19 - o.s.b.f.s.DefaultListableBeanFactory - Creating shared instance of singleton bean 'jdbcDialect'
10-30 12:36:19 - o.s.b.f.s.DefaultListableBeanFactory - Autowiring by type from bean name 'jdbcDialect' via factory method to bean named 'namedParameterJdbcTemplate'
10-30 12:36:19 - o.s.jdbc.datasource.DataSourceUtils - Fetching JDBC Connection from DataSource
10-30 12:36:19 - o.s.data.convert.CustomConversions - Adding converter from class java.sql.Timestamp to class java.time.OffsetDateTime as reading converter
10-30 12:36:19 - o.s.data.convert.CustomConversions - Adding converter from class java.time.OffsetDateTime to class org.springframework.data.jdbc.core.mapping.JdbcValue as writing converter
10-30 12:36:19 - o.s.data.convert.CustomConversions - Adding converter from class java.time.LocalDateTime to class java.util.Date as reading converter
10-30 12:36:19 - o.s.data.convert.CustomConversions - Adding converter from class java.sql.Timestamp to class java.time.LocalDateTime as reading converter
10-30 12:36:19 - o.s.data.convert.CustomConversions - Adding converter from class java.sql.Timestamp to class java.time.LocalDate as reading converter
10-30 12:36:19 - o.s.data.convert.CustomConversions - Adding converter from class java.time.LocalDate to class java.sql.Timestamp as writing converter
10-30 12:36:19 - o.s.data.convert.CustomConversions - Adding converter from class java.sql.Timestamp to class java.time.LocalTime as reading converter
10-30 12:36:19 - o.s.data.convert.CustomConversions - Adding converter from class java.time.LocalTime to class java.sql.Timestamp as writing converter
10-30 12:36:19 - o.s.data.convert.CustomConversions - Adding converter from class java.sql.Timestamp to class java.time.Instant as reading converter
10-30 12:36:19 - o.s.data.convert.CustomConversions - Adding converter from class java.time.Instant to class java.sql.Timestamp as writing converter
10-30 12:36:19 - o.s.data.convert.CustomConversions - Adding converter from interface org.springframework.data.jdbc.core.mapping.AggregateReference to class java.lang.Object as writing converter
10-30 12:36:19 - o.s.data.convert.CustomConversions - Adding converter from class java.lang.Object to interface org.springframework.data.jdbc.core.mapping.AggregateReference as reading converter
10-30 12:36:19 - o.s.data.convert.CustomConversions - Adding converter from class java.util.Date to class java.time.LocalDateTime as reading converter
10-30 12:36:19 - o.s.data.convert.CustomConversions - Adding converter from class java.time.LocalDateTime to class java.util.Date as writing converter
10-30 12:36:19 - o.s.data.convert.CustomConversions - Adding converter from class java.util.Date to class java.time.LocalDate as reading converter
10-30 12:36:19 - o.s.data.convert.CustomConversions - Adding converter from class java.time.LocalDate to class java.util.Date as writing converter
10-30 12:36:19 - o.s.data.convert.CustomConversions - Adding converter from class java.util.Date to class java.time.LocalTime as reading converter
10-30 12:36:19 - o.s.data.convert.CustomConversions - Adding converter from class java.time.LocalTime to class java.util.Date as writing converter
10-30 12:36:19 - o.s.data.convert.CustomConversions - Adding converter from class java.util.Date to class java.time.Instant as reading converter
10-30 12:36:19 - o.s.data.convert.CustomConversions - Adding converter from class java.time.Instant to class java.util.Date as writing converter
10-30 12:36:19 - o.s.data.convert.CustomConversions - Adding converter from class java.time.LocalDateTime to class java.time.Instant as reading converter
10-30 12:36:19 - o.s.data.convert.CustomConversions - Adding converter from class java.time.Instant to class java.time.LocalDateTime as reading converter
10-30 12:36:19 - o.s.data.convert.CustomConversions - Adding converter from class java.time.ZoneId to class java.lang.String as writing converter
10-30 12:36:19 - o.s.data.convert.CustomConversions - Adding converter from class java.lang.String to class java.time.ZoneId as reading converter
10-30 12:36:19 - o.s.data.convert.CustomConversions - Adding converter from class java.time.Duration to class java.lang.String as writing converter
10-30 12:36:19 - o.s.data.convert.CustomConversions - Adding converter from class java.lang.String to class java.time.Duration as reading converter
10-30 12:36:19 - o.s.data.convert.CustomConversions - Adding converter from class java.time.Period to class java.lang.String as writing converter
10-30 12:36:19 - o.s.data.convert.CustomConversions - Adding converter from class java.lang.String to class java.time.Period as reading converter
10-30 12:36:19 - o.s.data.convert.CustomConversions - Adding converter from class java.lang.String to class java.time.LocalDate as reading converter
10-30 12:36:19 - o.s.data.convert.CustomConversions - Adding converter from class java.lang.String to class java.time.LocalDateTime as reading converter
10-30 12:36:19 - o.s.data.convert.CustomConversions - Adding converter from class java.lang.String to class java.time.Instant as reading converter
10-30 12:36:19 - o.s.b.f.s.DefaultListableBeanFactory - Autowiring by type from bean name 'jdbcMappingContext' via factory method to bean named 'jdbcCustomConversions'
10-30 12:36:19 - o.s.b.f.s.DefaultListableBeanFactory - Autowiring by type from bean name 'jdbcMappingContext' via factory method to bean named 'jdbcManagedTypes'
10-30 12:36:19 - o.s.b.f.s.DefaultListableBeanFactory - Creating shared instance of singleton bean 'jdbcConverter'
10-30 12:36:19 - o.s.b.f.s.DefaultListableBeanFactory - Autowiring by type from bean name 'jdbcConverter' via factory method to bean named 'jdbcMappingContext'
10-30 12:36:19 - o.s.b.f.s.DefaultListableBeanFactory - Autowiring by type from bean name 'jdbcConverter' via factory method to bean named 'namedParameterJdbcTemplate'
10-30 12:36:19 - o.s.b.f.s.DefaultListableBeanFactory - Autowiring by type from bean name 'jdbcConverter' via factory method to bean named 'jdbcCustomConversions'
10-30 12:36:19 - o.s.b.f.s.DefaultListableBeanFactory - Autowiring by type from bean name 'jdbcConverter' via factory method to bean named 'jdbcDialect'
10-30 12:36:19 - o.s.b.f.s.DefaultListableBeanFactory - Creating shared instance of singleton bean 'jdbcAggregateTemplate'
10-30 12:36:19 - o.s.b.f.s.DefaultListableBeanFactory - Creating shared instance of singleton bean 'dataAccessStrategyBean'
10-30 12:36:19 - o.s.b.f.s.DefaultListableBeanFactory - Autowiring by type from bean name 'dataAccessStrategyBean' via factory method to bean named 'namedParameterJdbcTemplate'
10-30 12:36:19 - o.s.b.f.s.DefaultListableBeanFactory - Autowiring by type from bean name 'dataAccessStrategyBean' via factory method to bean named 'jdbcConverter'
10-30 12:36:19 - o.s.b.f.s.DefaultListableBeanFactory - Autowiring by type from bean name 'dataAccessStrategyBean' via factory method to bean named 'jdbcMappingContext'
10-30 12:36:19 - o.s.b.f.s.DefaultListableBeanFactory - Autowiring by type from bean name 'dataAccessStrategyBean' via factory method to bean named 'jdbcDialect'
10-30 12:36:19 - o.s.b.f.s.DefaultListableBeanFactory - Autowiring by type from bean name 'jdbcAggregateTemplate' via factory method to bean named 'org.springframework.web.context.support.GenericWebApplicationContext@52350abb'
10-30 12:36:19 - o.s.b.f.s.DefaultListableBeanFactory - Autowiring by type from bean name 'jdbcAggregateTemplate' via factory method to bean named 'jdbcMappingContext'
10-30 12:36:19 - o.s.b.f.s.DefaultListableBeanFactory - Autowiring by type from bean name 'jdbcAggregateTemplate' via factory method to bean named 'jdbcConverter'
10-30 12:36:19 - o.s.b.f.s.DefaultListableBeanFactory - Autowiring by type from bean name 'jdbcAggregateTemplate' via factory method to bean named 'dataAccessStrategyBean'
10-30 12:36:19 - o.s.b.f.s.DefaultListableBeanFactory - Creating shared instance of singleton bean 'org.springframework.boot.autoconfigure.data.jdbc.JdbcRepositoriesAutoConfiguration$JdbcRepositoriesConfiguration'
10-30 12:36:19 - o.s.b.f.s.DefaultListableBeanFactory - Creating shared instance of singleton bean 'data-jdbc.repository-aot-processor#0'
10-30 12:36:19 - o.s.b.f.s.DefaultListableBeanFactory - Creating shared instance of singleton bean 'org.springframework.boot.autoconfigure.data.jdbc.JdbcRepositoriesAutoConfiguration'
10-30 12:36:19 - o.s.b.f.s.DefaultListableBeanFactory - Creating shared instance of singleton bean 'org.springframework.boot.autoconfigure.data.jpa.JpaRepositoriesAutoConfiguration'
10-30 12:36:19 - o.s.b.f.s.DefaultListableBeanFactory - Creating shared instance of singleton bean 'org.springframework.data.jpa.util.JpaMetamodelCacheCleanup'
10-30 12:36:19 - o.s.b.f.s.DefaultListableBeanFactory - Creating shared instance of singleton bean 'org.springframework.data.jpa.repository.support.JpaEvaluationContextExtension'
10-30 12:36:19 - o.s.b.f.s.DefaultListableBeanFactory - Creating shared instance of singleton bean 'data-jpa.repository-aot-processor#0'
10-30 12:36:19 - o.s.b.f.s.DefaultListableBeanFactory - Creating shared instance of singleton bean 'org.springframework.boot.autoconfigure.http.JacksonHttpMessageConvertersConfiguration'
10-30 12:36:19 - o.s.b.f.s.DefaultListableBeanFactory - Creating shared instance of singleton bean 'org.springframework.data.web.config.ProjectingArgumentResolverRegistrar'
10-30 12:36:19 - o.s.b.f.s.DefaultListableBeanFactory - Creating shared instance of singleton bean 'org.springframework.boot.autoconfigure.info.ProjectInfoAutoConfiguration'
10-30 12:36:19 - o.s.b.f.s.DefaultListableBeanFactory - Creating shared instance of singleton bean 'spring.info-org.springframework.boot.autoconfigure.info.ProjectInfoProperties'
10-30 12:36:19 - o.s.b.f.s.DefaultListableBeanFactory - Autowiring by type from bean name 'org.springframework.boot.autoconfigure.info.ProjectInfoAutoConfiguration' via constructor to bean named 'spring.info-org.springframework.boot.autoconfigure.info.ProjectInfoProperties'
10-30 12:36:19 - o.s.b.f.s.DefaultListableBeanFactory - Creating shared instance of singleton bean 'org.springframework.boot.autoconfigure.security.oauth2.resource.servlet.OAuth2ResourceServerJwtConfiguration$JwtDecoderConfiguration'
[...]
      Did not match:
         - @ConditionalOnClass did not find required class 'org.springframework.web.reactive.function.client.WebClient' (OnClassCondition)

   WebFluxAutoConfiguration:
      Did not match:
         - @ConditionalOnClass did not find required class 'org.springframework.web.reactive.config.WebFluxConfigurer' (OnClassCondition)

   WebMvcAutoConfiguration#hiddenHttpMethodFilter:
      Did not match:
         - @ConditionalOnProperty (spring.mvc.hiddenmethod.filter.enabled) did not find property 'enabled' (OnPropertyCondition)

   WebMvcAutoConfiguration.ProblemDetailsErrorHandlingConfiguration:
      Did not match:
         - @ConditionalOnProperty (spring.mvc.problemdetails.enabled=true) did not find property 'enabled' (OnPropertyCondition)

   WebMvcAutoConfiguration.ResourceChainCustomizerConfiguration:
      Did not match:
         - @ConditionalOnEnabledResourceChain did not find class org.webjars.WebJarAssetLocator (OnEnabledResourceChainCondition)

   WebMvcAutoConfiguration.WebMvcAutoConfigurationAdapter#beanNameViewResolver:
      Did not match:
         - @ConditionalOnMissingBean (types: org.springframework.web.servlet.view.BeanNameViewResolver; SearchStrategy: all) found beans of type 'org.springframework.web.servlet.view.BeanNameViewResolver' beanNameViewResolver (OnBeanCondition)

   WebServiceTemplateAutoConfiguration:
      Did not match:
         - @ConditionalOnClass did not find required class 'org.springframework.oxm.Marshaller' (OnClassCondition)

   WebServicesAutoConfiguration:
      Did not match:
         - @ConditionalOnClass did not find required class 'org.springframework.ws.transport.http.MessageDispatcherServlet' (OnClassCondition)

   WebSessionIdResolverAutoConfiguration:
      Did not match:
         - @ConditionalOnClass did not find required class 'reactor.core.publisher.Mono' (OnClassCondition)

   WebSocketMessagingAutoConfiguration:
      Did not match:
         - @ConditionalOnClass did not find required class 'org.springframework.web.socket.config.annotation.WebSocketMessageBrokerConfigurer' (OnClassCondition)

   WebSocketReactiveAutoConfiguration:
      Did not match:
         - @ConditionalOnWebApplication did not find reactive web application classes (OnWebApplicationCondition)

   WebSocketServletAutoConfiguration.JettyWebSocketConfiguration:
      Did not match:
         - @ConditionalOnClass did not find required class 'org.eclipse.jetty.websocket.jakarta.server.config.JakartaWebSocketServletContainerInitializer' (OnClassCondition)

   WebSocketServletAutoConfiguration.UndertowWebSocketConfiguration:
      Did not match:
         - @ConditionalOnClass did not find required class 'io.undertow.websockets.jsr.Bootstrap' (OnClassCondition)

   XADataSourceAutoConfiguration:
      Did not match:
         - @ConditionalOnBean (types: org.springframework.boot.jdbc.XADataSourceWrapper; SearchStrategy: all) did not find any beans of type org.springframework.boot.jdbc.XADataSourceWrapper (OnBeanCondition)
      Matched:
         - @ConditionalOnClass found required classes 'javax.sql.DataSource', 'jakarta.transaction.TransactionManager', 'org.springframework.jdbc.datasource.embedded.EmbeddedDatabaseType' (OnClassCondition)


Exclusions:
-----------

    None


Unconditional classes:
----------------------

    org.springframework.boot.autoconfigure.context.ConfigurationPropertiesAutoConfiguration

    org.springframework.boot.autoconfigure.ssl.SslAutoConfiguration

    org.springframework.boot.autoconfigure.context.LifecycleAutoConfiguration

    org.springframework.boot.autoconfigure.context.PropertyPlaceholderAutoConfiguration

    org.springframework.boot.autoconfigure.availability.ApplicationAvailabilityAutoConfiguration

    org.springframework.boot.autoconfigure.info.ProjectInfoAutoConfiguration



10-30 12:36:19 - c.s.r.w.r.UserServiceTest - Started UserServiceTest in 4.689 seconds (process running for 5.72)
10-30 12:36:19 - o.s.b.a.ApplicationAvailabilityBean - Application availability state LivenessState changed to CORRECT
10-30 12:36:19 - o.s.boot.devtools.restart.Restarter - Creating new Restarter for thread Thread[main,5,main]
10-30 12:36:19 - o.s.b.a.ApplicationAvailabilityBean - Application availability state ReadinessState changed to ACCEPTING_TRAFFIC
10-30 12:36:19 - o.springframework.test.context.cache - Spring test ApplicationContext cache statistics: [DefaultContextCache@4b718c45 size = 1, maxSize = 32, parentContextCount = 0, hitCount = 0, missCount = 1]
10-30 12:36:19 - o.s.t.c.w.ServletTestExecutionListener - Setting up MockHttpServletRequest, MockHttpServletResponse, ServletWebRequest, and RequestContextHolder for test class com.sportsday.rest.webservices.restfulwebservices.UserServiceTest
10-30 12:36:20 - o.s.t.c.s.DependencyInjectionTestExecutionListener - Performing dependency injection for test class com.sportsday.rest.webservices.restfulwebservices.UserServiceTest
10-30 12:36:20 - o.springframework.test.context.cache - Spring test ApplicationContext cache statistics: [DefaultContextCache@4b718c45 size = 1, maxSize = 32, parentContextCount = 0, hitCount = 1, missCount = 1]
10-30 12:36:20 - o.springframework.test.context.cache - Spring test ApplicationContext cache statistics: [DefaultContextCache@4b718c45 size = 1, maxSize = 32, parentContextCount = 0, hitCount = 2, missCount = 1]
10-30 12:36:20 - o.s.t.c.s.DirtiesContextBeforeModesTestExecutionListener - Before test method: class [UserServiceTest], method [testLoginUser], class annotated with @DirtiesContext [false] with mode [null], method annotated with @DirtiesContext [false] with mode [null]
10-30 12:36:20 - o.springframework.test.context.cache - Spring test ApplicationContext cache statistics: [DefaultContextCache@4b718c45 size = 1, maxSize = 32, parentContextCount = 0, hitCount = 3, missCount = 1]
10-30 12:36:20 - o.springframework.test.context.cache - Spring test ApplicationContext cache statistics: [DefaultContextCache@4b718c45 size = 1, maxSize = 32, parentContextCount = 0, hitCount = 4, missCount = 1]
10-30 12:36:20 - o.springframework.test.context.cache - Spring test ApplicationContext cache statistics: [DefaultContextCache@4b718c45 size = 1, maxSize = 32, parentContextCount = 0, hitCount = 5, missCount = 1]
10-30 12:36:20 - o.springframework.test.context.cache - Spring test ApplicationContext cache statistics: [DefaultContextCache@4b718c45 size = 1, maxSize = 32, parentContextCount = 0, hitCount = 6, missCount = 1]
10-30 12:36:20 - o.springframework.test.context.cache - Spring test ApplicationContext cache statistics: [DefaultContextCache@4b718c45 size = 1, maxSize = 32, parentContextCount = 0, hitCount = 7, missCount = 1]
10-30 12:36:20 - o.springframework.test.context.cache - Spring test ApplicationContext cache statistics: [DefaultContextCache@4b718c45 size = 1, maxSize = 32, parentContextCount = 0, hitCount = 8, missCount = 1]
10-30 12:36:20 - o.springframework.test.context.cache - Spring test ApplicationContext cache statistics: [DefaultContextCache@4b718c45 size = 1, maxSize = 32, parentContextCount = 0, hitCount = 9, missCount = 1]
10-30 12:36:20 - o.springframework.test.context.cache - Spring test ApplicationContext cache statistics: [DefaultContextCache@4b718c45 size = 1, maxSize = 32, parentContextCount = 0, hitCount = 10, missCount = 1]
10-30 12:36:20 - o.springframework.test.context.cache - Spring test ApplicationContext cache statistics: [DefaultContextCache@4b718c45 size = 1, maxSize = 32, parentContextCount = 0, hitCount = 11, missCount = 1]
10-30 12:36:20 - o.s.t.c.s.DirtiesContextTestExecutionListener - After test method: class [UserServiceTest], method [testLoginUser], class annotated with @DirtiesContext [false] with mode [null], method annotated with @DirtiesContext [false] with mode [null]
10-30 12:36:20 - o.s.t.c.w.ServletTestExecutionListener - Resetting RequestContextHolder for test class com.sportsday.rest.webservices.restfulwebservices.UserServiceTest
]]></system-out>
    <system-err><![CDATA[Loading class `com.mysql.jdbc.Driver'. This is deprecated. The new driver class is `com.mysql.cj.jdbc.Driver'. The driver is automatically registered via the SPI and manual loading of the driver class is generally unnecessary.
]]></system-err>
  </testcase>
  <testcase name="testCreateUser_UsernameAlreadyExists" classname="com.sportsday.rest.webservices.restfulwebservices.UserServiceTest" time="0.012">
    <system-out><![CDATA[10-30 12:36:20 - o.springframework.test.context.cache - Spring test ApplicationContext cache statistics: [DefaultContextCache@4b718c45 size = 1, maxSize = 32, parentContextCount = 0, hitCount = 12, missCount = 1]
10-30 12:36:20 - o.s.t.c.w.ServletTestExecutionListener - Setting up MockHttpServletRequest, MockHttpServletResponse, ServletWebRequest, and RequestContextHolder for test class com.sportsday.rest.webservices.restfulwebservices.UserServiceTest
10-30 12:36:20 - o.s.t.c.s.DependencyInjectionTestExecutionListener - Performing dependency injection for test class com.sportsday.rest.webservices.restfulwebservices.UserServiceTest
10-30 12:36:20 - o.springframework.test.context.cache - Spring test ApplicationContext cache statistics: [DefaultContextCache@4b718c45 size = 1, maxSize = 32, parentContextCount = 0, hitCount = 13, missCount = 1]
10-30 12:36:20 - o.springframework.test.context.cache - Spring test ApplicationContext cache statistics: [DefaultContextCache@4b718c45 size = 1, maxSize = 32, parentContextCount = 0, hitCount = 14, missCount = 1]
10-30 12:36:20 - o.s.t.c.s.DirtiesContextBeforeModesTestExecutionListener - Before test method: class [UserServiceTest], method [testCreateUser_UsernameAlreadyExists], class annotated with @DirtiesContext [false] with mode [null], method annotated with @DirtiesContext [false] with mode [null]
10-30 12:36:20 - o.springframework.test.context.cache - Spring test ApplicationContext cache statistics: [DefaultContextCache@4b718c45 size = 1, maxSize = 32, parentContextCount = 0, hitCount = 15, missCount = 1]
10-30 12:36:20 - o.springframework.test.context.cache - Spring test ApplicationContext cache statistics: [DefaultContextCache@4b718c45 size = 1, maxSize = 32, parentContextCount = 0, hitCount = 16, missCount = 1]
10-30 12:36:20 - o.springframework.test.context.cache - Spring test ApplicationContext cache statistics: [DefaultContextCache@4b718c45 size = 1, maxSize = 32, parentContextCount = 0, hitCount = 17, missCount = 1]
10-30 12:36:20 - o.springframework.test.context.cache - Spring test ApplicationContext cache statistics: [DefaultContextCache@4b718c45 size = 1, maxSize = 32, parentContextCount = 0, hitCount = 18, missCount = 1]
10-30 12:36:20 - o.springframework.test.context.cache - Spring test ApplicationContext cache statistics: [DefaultContextCache@4b718c45 size = 1, maxSize = 32, parentContextCount = 0, hitCount = 19, missCount = 1]
10-30 12:36:20 - o.springframework.test.context.cache - Spring test ApplicationContext cache statistics: [DefaultContextCache@4b718c45 size = 1, maxSize = 32, parentContextCount = 0, hitCount = 20, missCount = 1]
10-30 12:36:20 - o.springframework.test.context.cache - Spring test ApplicationContext cache statistics: [DefaultContextCache@4b718c45 size = 1, maxSize = 32, parentContextCount = 0, hitCount = 21, missCount = 1]
10-30 12:36:20 - o.springframework.test.context.cache - Spring test ApplicationContext cache statistics: [DefaultContextCache@4b718c45 size = 1, maxSize = 32, parentContextCount = 0, hitCount = 22, missCount = 1]
10-30 12:36:20 - o.springframework.test.context.cache - Spring test ApplicationContext cache statistics: [DefaultContextCache@4b718c45 size = 1, maxSize = 32, parentContextCount = 0, hitCount = 23, missCount = 1]
10-30 12:36:20 - o.s.t.c.s.DirtiesContextTestExecutionListener - After test method: class [UserServiceTest], method [testCreateUser_UsernameAlreadyExists], class annotated with @DirtiesContext [false] with mode [null], method annotated with @DirtiesContext [false] with mode [null]
10-30 12:36:20 - o.s.t.c.w.ServletTestExecutionListener - Resetting RequestContextHolder for test class com.sportsday.rest.webservices.restfulwebservices.UserServiceTest
]]></system-out>
  </testcase>
  <testcase name="testLoginUser_UserNotFound" classname="com.sportsday.rest.webservices.restfulwebservices.UserServiceTest" time="0.008">
    <system-out><![CDATA[10-30 12:36:20 - o.springframework.test.context.cache - Spring test ApplicationContext cache statistics: [DefaultContextCache@4b718c45 size = 1, maxSize = 32, parentContextCount = 0, hitCount = 24, missCount = 1]
10-30 12:36:20 - o.s.t.c.w.ServletTestExecutionListener - Setting up MockHttpServletRequest, MockHttpServletResponse, ServletWebRequest, and RequestContextHolder for test class com.sportsday.rest.webservices.restfulwebservices.UserServiceTest
10-30 12:36:20 - o.s.t.c.s.DependencyInjectionTestExecutionListener - Performing dependency injection for test class com.sportsday.rest.webservices.restfulwebservices.UserServiceTest
10-30 12:36:20 - o.springframework.test.context.cache - Spring test ApplicationContext cache statistics: [DefaultContextCache@4b718c45 size = 1, maxSize = 32, parentContextCount = 0, hitCount = 25, missCount = 1]
10-30 12:36:20 - o.springframework.test.context.cache - Spring test ApplicationContext cache statistics: [DefaultContextCache@4b718c45 size = 1, maxSize = 32, parentContextCount = 0, hitCount = 26, missCount = 1]
10-30 12:36:20 - o.s.t.c.s.DirtiesContextBeforeModesTestExecutionListener - Before test method: class [UserServiceTest], method [testLoginUser_UserNotFound], class annotated with @DirtiesContext [false] with mode [null], method annotated with @DirtiesContext [false] with mode [null]
10-30 12:36:20 - o.springframework.test.context.cache - Spring test ApplicationContext cache statistics: [DefaultContextCache@4b718c45 size = 1, maxSize = 32, parentContextCount = 0, hitCount = 27, missCount = 1]
10-30 12:36:20 - o.springframework.test.context.cache - Spring test ApplicationContext cache statistics: [DefaultContextCache@4b718c45 size = 1, maxSize = 32, parentContextCount = 0, hitCount = 28, missCount = 1]
10-30 12:36:20 - o.springframework.test.context.cache - Spring test ApplicationContext cache statistics: [DefaultContextCache@4b718c45 size = 1, maxSize = 32, parentContextCount = 0, hitCount = 29, missCount = 1]
10-30 12:36:20 - o.springframework.test.context.cache - Spring test ApplicationContext cache statistics: [DefaultContextCache@4b718c45 size = 1, maxSize = 32, parentContextCount = 0, hitCount = 30, missCount = 1]
10-30 12:36:20 - o.springframework.test.context.cache - Spring test ApplicationContext cache statistics: [DefaultContextCache@4b718c45 size = 1, maxSize = 32, parentContextCount = 0, hitCount = 31, missCount = 1]
10-30 12:36:20 - o.springframework.test.context.cache - Spring test ApplicationContext cache statistics: [DefaultContextCache@4b718c45 size = 1, maxSize = 32, parentContextCount = 0, hitCount = 32, missCount = 1]
10-30 12:36:20 - o.springframework.test.context.cache - Spring test ApplicationContext cache statistics: [DefaultContextCache@4b718c45 size = 1, maxSize = 32, parentContextCount = 0, hitCount = 33, missCount = 1]
10-30 12:36:20 - o.springframework.test.context.cache - Spring test ApplicationContext cache statistics: [DefaultContextCache@4b718c45 size = 1, maxSize = 32, parentContextCount = 0, hitCount = 34, missCount = 1]
10-30 12:36:20 - o.springframework.test.context.cache - Spring test ApplicationContext cache statistics: [DefaultContextCache@4b718c45 size = 1, maxSize = 32, parentContextCount = 0, hitCount = 35, missCount = 1]
10-30 12:36:20 - o.s.t.c.s.DirtiesContextTestExecutionListener - After test method: class [UserServiceTest], method [testLoginUser_UserNotFound], class annotated with @DirtiesContext [false] with mode [null], method annotated with @DirtiesContext [false] with mode [null]
10-30 12:36:20 - o.s.t.c.w.ServletTestExecutionListener - Resetting RequestContextHolder for test class com.sportsday.rest.webservices.restfulwebservices.UserServiceTest
]]></system-out>
  </testcase>
  <testcase name="testCreateUser" classname="com.sportsday.rest.webservices.restfulwebservices.UserServiceTest" time="0.009">
    <system-out><![CDATA[10-30 12:36:20 - o.springframework.test.context.cache - Spring test ApplicationContext cache statistics: [DefaultContextCache@4b718c45 size = 1, maxSize = 32, parentContextCount = 0, hitCount = 36, missCount = 1]
10-30 12:36:20 - o.s.t.c.w.ServletTestExecutionListener - Setting up MockHttpServletRequest, MockHttpServletResponse, ServletWebRequest, and RequestContextHolder for test class com.sportsday.rest.webservices.restfulwebservices.UserServiceTest
10-30 12:36:20 - o.s.t.c.s.DependencyInjectionTestExecutionListener - Performing dependency injection for test class com.sportsday.rest.webservices.restfulwebservices.UserServiceTest
10-30 12:36:20 - o.springframework.test.context.cache - Spring test ApplicationContext cache statistics: [DefaultContextCache@4b718c45 size = 1, maxSize = 32, parentContextCount = 0, hitCount = 37, missCount = 1]
10-30 12:36:20 - o.springframework.test.context.cache - Spring test ApplicationContext cache statistics: [DefaultContextCache@4b718c45 size = 1, maxSize = 32, parentContextCount = 0, hitCount = 38, missCount = 1]
10-30 12:36:20 - o.s.t.c.s.DirtiesContextBeforeModesTestExecutionListener - Before test method: class [UserServiceTest], method [testCreateUser], class annotated with @DirtiesContext [false] with mode [null], method annotated with @DirtiesContext [false] with mode [null]
10-30 12:36:20 - o.springframework.test.context.cache - Spring test ApplicationContext cache statistics: [DefaultContextCache@4b718c45 size = 1, maxSize = 32, parentContextCount = 0, hitCount = 39, missCount = 1]
10-30 12:36:20 - o.springframework.test.context.cache - Spring test ApplicationContext cache statistics: [DefaultContextCache@4b718c45 size = 1, maxSize = 32, parentContextCount = 0, hitCount = 40, missCount = 1]
10-30 12:36:20 - o.springframework.test.context.cache - Spring test ApplicationContext cache statistics: [DefaultContextCache@4b718c45 size = 1, maxSize = 32, parentContextCount = 0, hitCount = 41, missCount = 1]
10-30 12:36:20 - o.springframework.test.context.cache - Spring test ApplicationContext cache statistics: [DefaultContextCache@4b718c45 size = 1, maxSize = 32, parentContextCount = 0, hitCount = 42, missCount = 1]
10-30 12:36:20 - o.springframework.test.context.cache - Spring test ApplicationContext cache statistics: [DefaultContextCache@4b718c45 size = 1, maxSize = 32, parentContextCount = 0, hitCount = 43, missCount = 1]
10-30 12:36:20 - o.springframework.test.context.cache - Spring test ApplicationContext cache statistics: [DefaultContextCache@4b718c45 size = 1, maxSize = 32, parentContextCount = 0, hitCount = 44, missCount = 1]
10-30 12:36:20 - o.springframework.test.context.cache - Spring test ApplicationContext cache statistics: [DefaultContextCache@4b718c45 size = 1, maxSize = 32, parentContextCount = 0, hitCount = 45, missCount = 1]
10-30 12:36:20 - o.springframework.test.context.cache - Spring test ApplicationContext cache statistics: [DefaultContextCache@4b718c45 size = 1, maxSize = 32, parentContextCount = 0, hitCount = 46, missCount = 1]
10-30 12:36:20 - o.springframework.test.context.cache - Spring test ApplicationContext cache statistics: [DefaultContextCache@4b718c45 size = 1, maxSize = 32, parentContextCount = 0, hitCount = 47, missCount = 1]
10-30 12:36:20 - o.s.t.c.s.DirtiesContextTestExecutionListener - After test method: class [UserServiceTest], method [testCreateUser], class annotated with @DirtiesContext [false] with mode [null], method annotated with @DirtiesContext [false] with mode [null]
10-30 12:36:20 - o.s.t.c.w.ServletTestExecutionListener - Resetting RequestContextHolder for test class com.sportsday.rest.webservices.restfulwebservices.UserServiceTest
]]></system-out>
  </testcase>
</testsuite>